{"/home/travis/build/npmtest/node-npmtest-source-map/test.js":{"path":"/home/travis/build/npmtest/node-npmtest-source-map/test.js","s":{"1":2,"2":2,"3":2,"4":2,"5":2,"6":2,"7":2,"8":1,"9":2,"10":2,"11":1,"12":1,"13":1,"14":1,"15":2,"16":2,"17":2,"18":2,"19":1,"20":1,"21":2,"22":2,"23":2,"24":1,"25":1,"26":1,"27":1,"28":1,"29":1,"30":1,"31":1,"32":1,"33":1,"34":1,"35":1,"36":1,"37":2,"38":2,"39":1,"40":2,"41":2,"42":1,"43":2,"44":2,"45":1,"46":2,"47":2,"48":1,"49":1,"50":1,"51":1,"52":1},"b":{"1":[2,1,1,1],"2":[1,1,1,1],"3":[1,1],"4":[1,1],"5":[1,1],"6":[1,1],"7":[1,1],"8":[1,1],"9":[1,1,1],"10":[1,1],"11":[1,1],"12":[1,1],"13":[1,1],"14":[1,1],"15":[1,1],"16":[1,1]},"f":{"1":2,"2":2,"3":2,"4":2,"5":2,"6":1,"7":1,"8":2,"9":2,"10":2,"11":2,"12":1},"fnMap":{"1":{"name":"(anonymous_1)","line":12,"loc":{"start":{"line":12,"column":1},"end":{"line":12,"column":13}}},"2":{"name":"(anonymous_2)","line":19,"loc":{"start":{"line":19,"column":5},"end":{"line":19,"column":17}}},"3":{"name":"(anonymous_3)","line":23,"loc":{"start":{"line":23,"column":24},"end":{"line":23,"column":36}}},"4":{"name":"(anonymous_4)","line":61,"loc":{"start":{"line":61,"column":5},"end":{"line":61,"column":17}}},"5":{"name":"(anonymous_5)","line":82,"loc":{"start":{"line":82,"column":5},"end":{"line":82,"column":17}}},"6":{"name":"(anonymous_6)","line":102,"loc":{"start":{"line":102,"column":83},"end":{"line":105,"column":10}},"skip":true},"7":{"name":"(anonymous_7)","line":113,"loc":{"start":{"line":113,"column":77},"end":{"line":116,"column":10}},"skip":true},"8":{"name":"(anonymous_8)","line":129,"loc":{"start":{"line":129,"column":12},"end":{"line":129,"column":40}},"skip":true},"9":{"name":"(anonymous_9)","line":137,"loc":{"start":{"line":137,"column":77},"end":{"line":140,"column":10}},"skip":true},"10":{"name":"(anonymous_10)","line":148,"loc":{"start":{"line":148,"column":83},"end":{"line":151,"column":10}},"skip":true},"11":{"name":"(anonymous_11)","line":159,"loc":{"start":{"line":159,"column":79},"end":{"line":162,"column":10}},"skip":true},"12":{"name":"(anonymous_12)","line":170,"loc":{"start":{"line":170,"column":75},"end":{"line":173,"column":10}},"skip":true}},"statementMap":{"1":{"start":{"line":12,"column":0},"end":{"line":185,"column":5}},"2":{"start":{"line":14,"column":4},"end":{"line":14,"column":14}},"3":{"start":{"line":19,"column":4},"end":{"line":56,"column":9}},"4":{"start":{"line":21,"column":8},"end":{"line":21,"column":19}},"5":{"start":{"line":23,"column":8},"end":{"line":35,"column":13}},"6":{"start":{"line":24,"column":12},"end":{"line":34,"column":13}},"7":{"start":{"line":25,"column":16},"end":{"line":28,"column":30}},"8":{"start":{"line":30,"column":16},"end":{"line":33,"column":27}},"9":{"start":{"line":37,"column":8},"end":{"line":39,"column":21}},"10":{"start":{"line":40,"column":8},"end":{"line":53,"column":9}},"11":{"start":{"line":43,"column":12},"end":{"line":46,"column":14}},"12":{"start":{"line":47,"column":12},"end":{"line":47,"column":18}},"13":{"start":{"line":50,"column":12},"end":{"line":51,"column":46}},"14":{"start":{"line":52,"column":12},"end":{"line":52,"column":18}},"15":{"start":{"line":55,"column":8},"end":{"line":55,"column":35}},"16":{"start":{"line":61,"column":4},"end":{"line":63,"column":9}},"17":{"start":{"line":62,"column":8},"end":{"line":62,"column":15}},"18":{"start":{"line":64,"column":4},"end":{"line":77,"column":5}},"19":{"start":{"line":70,"column":8},"end":{"line":70,"column":14}},"20":{"start":{"line":76,"column":8},"end":{"line":76,"column":14}},"21":{"start":{"line":82,"column":4},"end":{"line":84,"column":9}},"22":{"start":{"line":83,"column":8},"end":{"line":83,"column":15}},"23":{"start":{"line":85,"column":4},"end":{"line":184,"column":5}},"24":{"start":{"line":92,"column":8},"end":{"line":94,"column":63}},"25":{"start":{"line":95,"column":8},"end":{"line":95,"column":14}},"26":{"start":{"line":102,"column":8},"end":{"line":111,"column":10},"skip":true},"27":{"start":{"line":109,"column":12},"end":{"line":109,"column":55},"skip":true},"28":{"start":{"line":110,"column":12},"end":{"line":110,"column":48},"skip":true},"29":{"start":{"line":113,"column":8},"end":{"line":126,"column":10},"skip":true},"30":{"start":{"line":120,"column":12},"end":{"line":120,"column":76},"skip":true},"31":{"start":{"line":121,"column":12},"end":{"line":121,"column":73},"skip":true},"32":{"start":{"line":122,"column":12},"end":{"line":122,"column":74},"skip":true},"33":{"start":{"line":123,"column":12},"end":{"line":123,"column":79},"skip":true},"34":{"start":{"line":124,"column":12},"end":{"line":124,"column":25},"skip":true},"35":{"start":{"line":125,"column":12},"end":{"line":125,"column":45},"skip":true},"36":{"start":{"line":128,"column":8},"end":{"line":135,"column":14},"skip":true},"37":{"start":{"line":133,"column":16},"end":{"line":133,"column":29},"skip":true},"38":{"start":{"line":134,"column":16},"end":{"line":134,"column":55},"skip":true},"39":{"start":{"line":137,"column":8},"end":{"line":146,"column":10},"skip":true},"40":{"start":{"line":144,"column":12},"end":{"line":144,"column":25},"skip":true},"41":{"start":{"line":145,"column":12},"end":{"line":145,"column":45},"skip":true},"42":{"start":{"line":148,"column":8},"end":{"line":157,"column":10},"skip":true},"43":{"start":{"line":155,"column":12},"end":{"line":155,"column":25},"skip":true},"44":{"start":{"line":156,"column":12},"end":{"line":156,"column":48},"skip":true},"45":{"start":{"line":159,"column":8},"end":{"line":168,"column":10},"skip":true},"46":{"start":{"line":166,"column":12},"end":{"line":166,"column":25},"skip":true},"47":{"start":{"line":167,"column":12},"end":{"line":167,"column":46},"skip":true},"48":{"start":{"line":170,"column":8},"end":{"line":179,"column":10},"skip":true},"49":{"start":{"line":177,"column":12},"end":{"line":177,"column":94},"skip":true},"50":{"start":{"line":178,"column":12},"end":{"line":178,"column":48},"skip":true},"51":{"start":{"line":182,"column":8},"end":{"line":182,"column":35},"skip":true},"52":{"start":{"line":183,"column":8},"end":{"line":183,"column":14},"skip":true}},"branchMap":{"1":{"line":25,"type":"binary-expr","locations":[{"start":{"line":25,"column":23},"end":{"line":25,"column":62}},{"start":{"line":26,"column":20},"end":{"line":26,"column":70}},{"start":{"line":27,"column":20},"end":{"line":27,"column":71}},{"start":{"line":28,"column":20},"end":{"line":28,"column":29}}]},"2":{"line":30,"type":"binary-expr","locations":[{"start":{"line":30,"column":23},"end":{"line":30,"column":37}},{"start":{"line":31,"column":20},"end":{"line":31,"column":61}},{"start":{"line":32,"column":20},"end":{"line":32,"column":70}},{"start":{"line":33,"column":20},"end":{"line":33,"column":26}}]},"3":{"line":37,"type":"cond-expr","locations":[{"start":{"line":38,"column":14},"end":{"line":38,"column":20}},{"start":{"line":39,"column":14},"end":{"line":39,"column":20}}]},"4":{"line":40,"type":"switch","locations":[{"start":{"line":42,"column":8},"end":{"line":47,"column":18}},{"start":{"line":49,"column":8},"end":{"line":52,"column":18}}]},"5":{"line":44,"type":"binary-expr","locations":[{"start":{"line":44,"column":16},"end":{"line":44,"column":44}},{"start":{"line":44,"column":48},"end":{"line":44,"column":66}}]},"6":{"line":50,"type":"binary-expr","locations":[{"start":{"line":50,"column":21},"end":{"line":50,"column":49}},{"start":{"line":50,"column":53},"end":{"line":50,"column":72}}]},"7":{"line":64,"type":"switch","locations":[{"start":{"line":69,"column":4},"end":{"line":70,"column":14}},{"start":{"line":75,"column":4},"end":{"line":76,"column":14}}]},"8":{"line":85,"type":"switch","locations":[{"start":{"line":90,"column":4},"end":{"line":95,"column":14}},{"start":{"line":101,"column":4},"end":{"line":183,"column":14},"skip":true}]},"9":{"line":92,"type":"binary-expr","locations":[{"start":{"line":92,"column":18},"end":{"line":92,"column":32}},{"start":{"line":93,"column":12},"end":{"line":93,"column":53}},{"start":{"line":94,"column":12},"end":{"line":94,"column":61}}]},"10":{"line":102,"type":"binary-expr","locations":[{"start":{"line":102,"column":45},"end":{"line":102,"column":79},"skip":true},{"start":{"line":102,"column":83},"end":{"line":111,"column":9},"skip":true}]},"11":{"line":113,"type":"binary-expr","locations":[{"start":{"line":113,"column":42},"end":{"line":113,"column":73},"skip":true},{"start":{"line":113,"column":77},"end":{"line":126,"column":9},"skip":true}]},"12":{"line":128,"type":"binary-expr","locations":[{"start":{"line":128,"column":48},"end":{"line":128,"column":85},"skip":true},{"start":{"line":129,"column":12},"end":{"line":135,"column":13},"skip":true}]},"13":{"line":137,"type":"binary-expr","locations":[{"start":{"line":137,"column":42},"end":{"line":137,"column":73},"skip":true},{"start":{"line":137,"column":77},"end":{"line":146,"column":9},"skip":true}]},"14":{"line":148,"type":"binary-expr","locations":[{"start":{"line":148,"column":45},"end":{"line":148,"column":79},"skip":true},{"start":{"line":148,"column":83},"end":{"line":157,"column":9},"skip":true}]},"15":{"line":159,"type":"binary-expr","locations":[{"start":{"line":159,"column":43},"end":{"line":159,"column":75},"skip":true},{"start":{"line":159,"column":79},"end":{"line":168,"column":9},"skip":true}]},"16":{"line":170,"type":"binary-expr","locations":[{"start":{"line":170,"column":41},"end":{"line":170,"column":71},"skip":true},{"start":{"line":170,"column":75},"end":{"line":179,"column":9},"skip":true}]}},"code":["/* istanbul instrument in package npmtest_source_map */","/*jslint","    bitwise: true,","    browser: true,","    maxerr: 8,","    maxlen: 96,","    node: true,","    nomen: true,","    regexp: true,","    stupid: true","*/","(function () {","    'use strict';","    var local;","","","","    // run shared js-env code - pre-init","    (function () {","        // init local","        local = {};","        // init modeJs","        local.modeJs = (function () {","            try {","                return typeof navigator.userAgent === 'string' &&","                    typeof document.querySelector('body') === 'object' &&","                    typeof XMLHttpRequest.prototype.open === 'function' &&","                    'browser';","            } catch (errorCaughtBrowser) {","                return module.exports &&","                    typeof process.versions.node === 'string' &&","                    typeof require('http').createServer === 'function' &&","                    'node';","            }","        }());","        // init global","        local.global = local.modeJs === 'browser'","            ? window","            : global;","        switch (local.modeJs) {","        // re-init local from window.local","        case 'browser':","            local = local.global.utility2.objectSetDefault(","                local.global.utility2_rollup || local.global.local,","                local.global.utility2","            );","            break;","        // re-init local from example.js","        case 'node':","            local = (local.global.utility2_rollup || require('utility2'))","                .requireExampleJsFromReadme();","            break;","        }","        // export local","        local.global.local = local;","    }());","","","","    // run shared js-env code - function","    (function () {","        return;","    }());","    switch (local.modeJs) {","","","","    // run browser js-env code - function","    case 'browser':","        break;","","","","    // run node js-env code - function","    case 'node':","        break;","    }","","","","    // run shared js-env code - post-init","    (function () {","        return;","    }());","    switch (local.modeJs) {","","","","    // run browser js-env code - post-init","    case 'browser':","        // run tests","        local.nop(local.modeTest &&","            document.querySelector('#testRunButton1') &&","            document.querySelector('#testRunButton1').click());","        break;","","","","    // run node js-env code - post-init","    /* istanbul ignore next */","    case 'node':","        local.testCase_buildApidoc_default = local.testCase_buildApidoc_default || function (","            options,","            onError","        ) {","        /*","         * this function will test buildApidoc's default handling-behavior-behavior","         */","            options = { modulePathList: module.paths };","            local.buildApidoc(options, onError);","        };","","        local.testCase_buildApp_default = local.testCase_buildApp_default || function (","            options,","            onError","        ) {","        /*","         * this function will test buildApp's default handling-behavior-behavior","         */","            local.testCase_buildReadme_default(options, local.onErrorThrow);","            local.testCase_buildLib_default(options, local.onErrorThrow);","            local.testCase_buildTest_default(options, local.onErrorThrow);","            local.testCase_buildCustomOrg_default(options, local.onErrorThrow);","            options = [];","            local.buildApp(options, onError);","        };","","        local.testCase_buildCustomOrg_default = local.testCase_buildCustomOrg_default ||","            function (options, onError) {","            /*","             * this function will test buildCustomOrg's default handling-behavior","             */","                options = {};","                local.buildCustomOrg(options, onError);","            };","","        local.testCase_buildLib_default = local.testCase_buildLib_default || function (","            options,","            onError","        ) {","        /*","         * this function will test buildLib's default handling-behavior","         */","            options = {};","            local.buildLib(options, onError);","        };","","        local.testCase_buildReadme_default = local.testCase_buildReadme_default || function (","            options,","            onError","        ) {","        /*","         * this function will test buildReadme's default handling-behavior-behavior","         */","            options = {};","            local.buildReadme(options, onError);","        };","","        local.testCase_buildTest_default = local.testCase_buildTest_default || function (","            options,","            onError","        ) {","        /*","         * this function will test buildTest's default handling-behavior","         */","            options = {};","            local.buildTest(options, onError);","        };","","        local.testCase_webpage_default = local.testCase_webpage_default || function (","            options,","            onError","        ) {","        /*","         * this function will test webpage's default handling-behavior","         */","            options = { modeCoverageMerge: true, url: local.serverLocalHost + '?modeTest=1' };","            local.browserTest(options, onError);","        };","","        // run test-server","        local.testRunServer(local);","        break;","    }","}());",""],"l":{"12":2,"14":2,"19":2,"21":2,"23":2,"24":2,"25":2,"30":1,"37":2,"40":2,"43":1,"47":1,"50":1,"52":1,"55":2,"61":2,"62":2,"64":2,"70":1,"76":1,"82":2,"83":2,"85":2,"92":1,"95":1,"102":1,"109":1,"110":1,"113":1,"120":1,"121":1,"122":1,"123":1,"124":1,"125":1,"128":1,"133":2,"134":2,"137":1,"144":2,"145":2,"148":1,"155":2,"156":2,"159":1,"166":2,"167":2,"170":1,"177":1,"178":1,"182":1,"183":1}},"/home/travis/build/npmtest/node-npmtest-source-map/lib.npmtest_source_map.js":{"path":"/home/travis/build/npmtest/node-npmtest-source-map/lib.npmtest_source_map.js","s":{"1":2,"2":2,"3":2,"4":2,"5":2,"6":2,"7":2,"8":1,"9":2,"10":2,"11":2,"12":2,"13":1,"14":1,"15":1,"16":1},"b":{"1":[2,1,1,1],"2":[1,1,1,1],"3":[1,1],"4":[2,2],"5":[1,1]},"f":{"1":2,"2":2,"3":2},"fnMap":{"1":{"name":"(anonymous_1)","line":12,"loc":{"start":{"line":12,"column":1},"end":{"line":12,"column":13}}},"2":{"name":"(anonymous_2)","line":19,"loc":{"start":{"line":19,"column":5},"end":{"line":19,"column":17}}},"3":{"name":"(anonymous_3)","line":23,"loc":{"start":{"line":23,"column":24},"end":{"line":23,"column":36}}}},"statementMap":{"1":{"start":{"line":12,"column":0},"end":{"line":53,"column":5}},"2":{"start":{"line":14,"column":4},"end":{"line":14,"column":14}},"3":{"start":{"line":19,"column":4},"end":{"line":52,"column":9}},"4":{"start":{"line":21,"column":8},"end":{"line":21,"column":19}},"5":{"start":{"line":23,"column":8},"end":{"line":35,"column":13}},"6":{"start":{"line":24,"column":12},"end":{"line":34,"column":13}},"7":{"start":{"line":25,"column":16},"end":{"line":28,"column":30}},"8":{"start":{"line":30,"column":16},"end":{"line":33,"column":27}},"9":{"start":{"line":37,"column":8},"end":{"line":39,"column":21}},"10":{"start":{"line":41,"column":8},"end":{"line":41,"column":54}},"11":{"start":{"line":43,"column":8},"end":{"line":43,"column":55}},"12":{"start":{"line":45,"column":8},"end":{"line":51,"column":9}},"13":{"start":{"line":46,"column":12},"end":{"line":46,"column":61}},"14":{"start":{"line":48,"column":12},"end":{"line":48,"column":35}},"15":{"start":{"line":49,"column":12},"end":{"line":49,"column":49}},"16":{"start":{"line":50,"column":12},"end":{"line":50,"column":43}}},"branchMap":{"1":{"line":25,"type":"binary-expr","locations":[{"start":{"line":25,"column":23},"end":{"line":25,"column":62}},{"start":{"line":26,"column":20},"end":{"line":26,"column":70}},{"start":{"line":27,"column":20},"end":{"line":27,"column":71}},{"start":{"line":28,"column":20},"end":{"line":28,"column":29}}]},"2":{"line":30,"type":"binary-expr","locations":[{"start":{"line":30,"column":23},"end":{"line":30,"column":37}},{"start":{"line":31,"column":20},"end":{"line":31,"column":61}},{"start":{"line":32,"column":20},"end":{"line":32,"column":70}},{"start":{"line":33,"column":20},"end":{"line":33,"column":26}}]},"3":{"line":37,"type":"cond-expr","locations":[{"start":{"line":38,"column":14},"end":{"line":38,"column":20}},{"start":{"line":39,"column":14},"end":{"line":39,"column":20}}]},"4":{"line":41,"type":"binary-expr","locations":[{"start":{"line":41,"column":16},"end":{"line":41,"column":44}},{"start":{"line":41,"column":48},"end":{"line":41,"column":53}}]},"5":{"line":45,"type":"if","locations":[{"start":{"line":45,"column":8},"end":{"line":45,"column":8}},{"start":{"line":45,"column":8},"end":{"line":45,"column":8}}]}},"code":["/* istanbul instrument in package npmtest_source_map */","/*jslint","    bitwise: true,","    browser: true,","    maxerr: 8,","    maxlen: 96,","    node: true,","    nomen: true,","    regexp: true,","    stupid: true","*/","(function () {","    'use strict';","    var local;","","","","    // run shared js-env code - pre-init","    (function () {","        // init local","        local = {};","        // init modeJs","        local.modeJs = (function () {","            try {","                return typeof navigator.userAgent === 'string' &&","                    typeof document.querySelector('body') === 'object' &&","                    typeof XMLHttpRequest.prototype.open === 'function' &&","                    'browser';","            } catch (errorCaughtBrowser) {","                return module.exports &&","                    typeof process.versions.node === 'string' &&","                    typeof require('http').createServer === 'function' &&","                    'node';","            }","        }());","        // init global","        local.global = local.modeJs === 'browser'","            ? window","            : global;","        // init utility2_rollup","        local = local.global.utility2_rollup || local;","        // init lib","        local.local = local.npmtest_source_map = local;","        // init exports","        if (local.modeJs === 'browser') {","            local.global.utility2_npmtest_source_map = local;","        } else {","            module.exports = local;","            module.exports.__dirname = __dirname;","            module.exports.module = module;","        }","    }());","}());",""],"l":{"12":2,"14":2,"19":2,"21":2,"23":2,"24":2,"25":2,"30":1,"37":2,"41":2,"43":2,"45":2,"46":1,"48":1,"49":1,"50":1}},"/home/travis/build/npmtest/node-npmtest-source-map/example.js":{"path":"/home/travis/build/npmtest/node-npmtest-source-map/example.js","s":{"1":2,"2":2,"3":2,"4":2,"5":2,"6":2,"7":2,"8":1,"9":2,"10":2,"11":2,"12":2,"13":1,"14":2,"15":2,"16":2,"17":2,"18":2,"19":0,"20":2,"21":1,"22":1,"23":1,"24":1,"25":1,"26":0,"27":0,"28":1,"29":1,"30":2,"31":0,"32":0,"33":0,"34":1,"35":2,"36":2,"37":2,"38":2,"39":2,"40":2,"41":0,"42":2,"43":2,"44":2,"45":1,"46":3,"47":1,"48":1,"49":1,"50":1,"51":1,"52":1,"53":1,"54":1,"55":1,"56":1,"57":0,"58":1,"59":6,"60":6,"61":1,"62":2,"63":0,"64":2,"65":1,"66":1,"67":0,"68":0,"69":0,"70":0,"71":0,"72":0,"73":0,"74":0,"75":0,"76":0,"77":0,"78":0,"79":0,"80":0,"81":0,"82":0,"83":0},"b":{"1":[2,1,1,1],"2":[1,1,1,1],"3":[1,1],"4":[2,2],"5":[1,1],"6":[1,1],"7":[2,0],"8":[2,1,1,1,1,1],"9":[0,2,0],"10":[1,1],"11":[2,1,1],"12":[1,0],"13":[0,2],"14":[2,0,0,0,0,0,0],"15":[0,2],"16":[2,0],"17":[1,1],"18":[0,1],"19":[1,2,0,2],"20":[1,0],"21":[1,1],"22":[0,0],"23":[0,0],"24":[0,0],"25":[0,0],"26":[0,0],"27":[0,0],"28":[0,0]},"f":{"1":2,"2":2,"3":2,"4":2,"5":2,"6":2,"7":2,"8":2,"9":3,"10":1,"11":6,"12":0},"fnMap":{"1":{"name":"(anonymous_1)","line":26,"loc":{"start":{"line":26,"column":1},"end":{"line":26,"column":13}}},"2":{"name":"(anonymous_2)","line":33,"loc":{"start":{"line":33,"column":5},"end":{"line":33,"column":17}}},"3":{"name":"(anonymous_3)","line":37,"loc":{"start":{"line":37,"column":24},"end":{"line":37,"column":36}}},"4":{"name":"(anonymous_4)","line":69,"loc":{"start":{"line":69,"column":31},"end":{"line":69,"column":48}},"skip":true},"5":{"name":"(anonymous_5)","line":78,"loc":{"start":{"line":78,"column":26},"end":{"line":78,"column":45}},"skip":true},"6":{"name":"(anonymous_6)","line":123,"loc":{"start":{"line":123,"column":33},"end":{"line":123,"column":48}},"skip":true},"7":{"name":"(anonymous_7)","line":125,"loc":{"start":{"line":125,"column":27},"end":{"line":125,"column":39}},"skip":true},"8":{"name":"(anonymous_8)","line":133,"loc":{"start":{"line":133,"column":59},"end":{"line":133,"column":74}},"skip":true},"9":{"name":"(anonymous_9)","line":143,"loc":{"start":{"line":143,"column":45},"end":{"line":143,"column":62}},"skip":true},"10":{"name":"(anonymous_10)","line":144,"loc":{"start":{"line":144,"column":73},"end":{"line":144,"column":92}},"skip":true},"11":{"name":"(anonymous_11)","line":272,"loc":{"start":{"line":272,"column":51},"end":{"line":272,"column":77}},"skip":true},"12":{"name":"(anonymous_12)","line":314,"loc":{"start":{"line":314,"column":32},"end":{"line":314,"column":61}},"skip":true}},"statementMap":{"1":{"start":{"line":26,"column":0},"end":{"line":325,"column":5}},"2":{"start":{"line":28,"column":4},"end":{"line":28,"column":14}},"3":{"start":{"line":33,"column":4},"end":{"line":60,"column":9}},"4":{"start":{"line":35,"column":8},"end":{"line":35,"column":19}},"5":{"start":{"line":37,"column":8},"end":{"line":49,"column":13}},"6":{"start":{"line":38,"column":12},"end":{"line":48,"column":13}},"7":{"start":{"line":39,"column":16},"end":{"line":42,"column":30}},"8":{"start":{"line":44,"column":16},"end":{"line":47,"column":27}},"9":{"start":{"line":51,"column":8},"end":{"line":53,"column":21}},"10":{"start":{"line":55,"column":8},"end":{"line":57,"column":45}},"11":{"start":{"line":59,"column":8},"end":{"line":59,"column":35}},"12":{"start":{"line":61,"column":4},"end":{"line":324,"column":5}},"13":{"start":{"line":69,"column":8},"end":{"line":121,"column":10},"skip":true},"14":{"start":{"line":70,"column":12},"end":{"line":88,"column":13},"skip":true},"15":{"start":{"line":76,"column":16},"end":{"line":87,"column":19},"skip":true},"16":{"start":{"line":79,"column":20},"end":{"line":86,"column":21},"skip":true},"17":{"start":{"line":82,"column":24},"end":{"line":82,"column":43},"skip":true},"18":{"start":{"line":83,"column":24},"end":{"line":83,"column":30},"skip":true},"19":{"start":{"line":85,"column":24},"end":{"line":85,"column":49},"skip":true},"20":{"start":{"line":89,"column":12},"end":{"line":107,"column":13},"skip":true},"21":{"start":{"line":92,"column":16},"end":{"line":102,"column":17},"skip":true},"22":{"start":{"line":93,"column":20},"end":{"line":93,"column":86},"skip":true},"23":{"start":{"line":94,"column":20},"end":{"line":95,"column":45},"skip":true},"24":{"start":{"line":96,"column":20},"end":{"line":96,"column":42},"skip":true},"25":{"start":{"line":97,"column":20},"end":{"line":97,"column":48},"skip":true},"26":{"start":{"line":100,"column":20},"end":{"line":100,"column":85},"skip":true},"27":{"start":{"line":101,"column":20},"end":{"line":101,"column":96},"skip":true},"28":{"start":{"line":103,"column":16},"end":{"line":103,"column":22},"skip":true},"29":{"start":{"line":106,"column":16},"end":{"line":106,"column":22},"skip":true},"30":{"start":{"line":108,"column":12},"end":{"line":120,"column":13},"skip":true},"31":{"start":{"line":114,"column":16},"end":{"line":119,"column":17},"skip":true},"32":{"start":{"line":116,"column":20},"end":{"line":116,"column":78},"skip":true},"33":{"start":{"line":118,"column":20},"end":{"line":118,"column":47},"skip":true},"34":{"start":{"line":123,"column":8},"end":{"line":141,"column":11},"skip":true},"35":{"start":{"line":124,"column":12},"end":{"line":124,"column":54},"skip":true},"36":{"start":{"line":125,"column":12},"end":{"line":140,"column":14},"skip":true},"37":{"start":{"line":126,"column":16},"end":{"line":126,"column":28},"skip":true},"38":{"start":{"line":127,"column":16},"end":{"line":127,"column":69},"skip":true},"39":{"start":{"line":128,"column":16},"end":{"line":128,"column":75},"skip":true},"40":{"start":{"line":129,"column":16},"end":{"line":131,"column":17},"skip":true},"41":{"start":{"line":130,"column":20},"end":{"line":130,"column":27},"skip":true},"42":{"start":{"line":133,"column":16},"end":{"line":137,"column":36},"skip":true},"43":{"start":{"line":134,"column":20},"end":{"line":136,"column":55},"skip":true},"44":{"start":{"line":139,"column":16},"end":{"line":139,"column":57},"skip":true},"45":{"start":{"line":143,"column":8},"end":{"line":147,"column":11},"skip":true},"46":{"start":{"line":144,"column":12},"end":{"line":146,"column":15},"skip":true},"47":{"start":{"line":145,"column":16},"end":{"line":145,"column":70},"skip":true},"48":{"start":{"line":149,"column":8},"end":{"line":149,"column":31},"skip":true},"49":{"start":{"line":150,"column":8},"end":{"line":150,"column":14},"skip":true},"50":{"start":{"line":158,"column":8},"end":{"line":158,"column":31},"skip":true},"51":{"start":{"line":160,"column":8},"end":{"line":160,"column":33},"skip":true},"52":{"start":{"line":161,"column":8},"end":{"line":161,"column":37},"skip":true},"53":{"start":{"line":162,"column":8},"end":{"line":162,"column":35},"skip":true},"54":{"start":{"line":164,"column":8},"end":{"line":164,"column":50},"skip":true},"55":{"start":{"line":166,"column":8},"end":{"line":256,"column":2},"skip":true},"56":{"start":{"line":258,"column":8},"end":{"line":286,"column":9},"skip":true},"57":{"start":{"line":259,"column":12},"end":{"line":269,"column":14},"skip":true},"58":{"start":{"line":271,"column":12},"end":{"line":285,"column":19},"skip":true},"59":{"start":{"line":274,"column":20},"end":{"line":274,"column":35},"skip":true},"60":{"start":{"line":275,"column":20},"end":{"line":284,"column":21},"skip":true},"61":{"start":{"line":277,"column":24},"end":{"line":277,"column":64},"skip":true},"62":{"start":{"line":279,"column":24},"end":{"line":279,"column":40},"skip":true},"63":{"start":{"line":281,"column":24},"end":{"line":281,"column":40},"skip":true},"64":{"start":{"line":283,"column":24},"end":{"line":283,"column":39},"skip":true},"65":{"start":{"line":288,"column":8},"end":{"line":290,"column":9},"skip":true},"66":{"start":{"line":289,"column":12},"end":{"line":289,"column":18},"skip":true},"67":{"start":{"line":291,"column":8},"end":{"line":293,"column":54},"skip":true},"68":{"start":{"line":294,"column":8},"end":{"line":301,"column":37},"skip":true},"69":{"start":{"line":302,"column":8},"end":{"line":302,"column":82},"skip":true},"70":{"start":{"line":305,"column":8},"end":{"line":307,"column":9},"skip":true},"71":{"start":{"line":306,"column":12},"end":{"line":306,"column":82},"skip":true},"72":{"start":{"line":309,"column":8},"end":{"line":311,"column":9},"skip":true},"73":{"start":{"line":310,"column":12},"end":{"line":310,"column":18},"skip":true},"74":{"start":{"line":312,"column":8},"end":{"line":312,"column":54},"skip":true},"75":{"start":{"line":313,"column":8},"end":{"line":313,"column":69},"skip":true},"76":{"start":{"line":314,"column":8},"end":{"line":322,"column":36},"skip":true},"77":{"start":{"line":315,"column":12},"end":{"line":315,"column":61},"skip":true},"78":{"start":{"line":316,"column":12},"end":{"line":319,"column":13},"skip":true},"79":{"start":{"line":317,"column":16},"end":{"line":317,"column":75},"skip":true},"80":{"start":{"line":318,"column":16},"end":{"line":318,"column":23},"skip":true},"81":{"start":{"line":320,"column":12},"end":{"line":320,"column":38},"skip":true},"82":{"start":{"line":321,"column":12},"end":{"line":321,"column":27},"skip":true},"83":{"start":{"line":323,"column":8},"end":{"line":323,"column":14},"skip":true}},"branchMap":{"1":{"line":39,"type":"binary-expr","locations":[{"start":{"line":39,"column":23},"end":{"line":39,"column":62}},{"start":{"line":40,"column":20},"end":{"line":40,"column":70}},{"start":{"line":41,"column":20},"end":{"line":41,"column":71}},{"start":{"line":42,"column":20},"end":{"line":42,"column":29}}]},"2":{"line":44,"type":"binary-expr","locations":[{"start":{"line":44,"column":23},"end":{"line":44,"column":37}},{"start":{"line":45,"column":20},"end":{"line":45,"column":61}},{"start":{"line":46,"column":20},"end":{"line":46,"column":70}},{"start":{"line":47,"column":20},"end":{"line":47,"column":26}}]},"3":{"line":51,"type":"cond-expr","locations":[{"start":{"line":52,"column":14},"end":{"line":52,"column":20}},{"start":{"line":53,"column":14},"end":{"line":53,"column":20}}]},"4":{"line":55,"type":"binary-expr","locations":[{"start":{"line":55,"column":16},"end":{"line":55,"column":44}},{"start":{"line":55,"column":49},"end":{"line":57,"column":43}}]},"5":{"line":55,"type":"cond-expr","locations":[{"start":{"line":56,"column":14},"end":{"line":56,"column":54}},{"start":{"line":57,"column":14},"end":{"line":57,"column":43}}]},"6":{"line":61,"type":"switch","locations":[{"start":{"line":68,"column":4},"end":{"line":150,"column":14},"skip":true},{"start":{"line":156,"column":4},"end":{"line":323,"column":14},"skip":true}]},"7":{"line":70,"type":"if","locations":[{"start":{"line":70,"column":12},"end":{"line":70,"column":12},"skip":true},{"start":{"line":70,"column":12},"end":{"line":70,"column":12},"skip":true}]},"8":{"line":70,"type":"binary-expr","locations":[{"start":{"line":70,"column":16},"end":{"line":70,"column":22},"skip":true},{"start":{"line":70,"column":27},"end":{"line":70,"column":32},"skip":true},{"start":{"line":71,"column":20},"end":{"line":71,"column":39},"skip":true},{"start":{"line":72,"column":20},"end":{"line":72,"column":49},"skip":true},{"start":{"line":73,"column":20},"end":{"line":73,"column":58},"skip":true},{"start":{"line":74,"column":20},"end":{"line":74,"column":69},"skip":true}]},"9":{"line":79,"type":"switch","locations":[{"start":{"line":80,"column":20},"end":{"line":80,"column":33},"skip":true},{"start":{"line":81,"column":20},"end":{"line":83,"column":30},"skip":true},{"start":{"line":84,"column":20},"end":{"line":85,"column":49},"skip":true}]},"10":{"line":89,"type":"switch","locations":[{"start":{"line":90,"column":12},"end":{"line":103,"column":22},"skip":true},{"start":{"line":105,"column":12},"end":{"line":106,"column":22},"skip":true}]},"11":{"line":89,"type":"binary-expr","locations":[{"start":{"line":89,"column":20},"end":{"line":89,"column":25},"skip":true},{"start":{"line":89,"column":29},"end":{"line":89,"column":48},"skip":true},{"start":{"line":89,"column":52},"end":{"line":89,"column":74},"skip":true}]},"12":{"line":92,"type":"if","locations":[{"start":{"line":92,"column":16},"end":{"line":92,"column":16},"skip":true},{"start":{"line":92,"column":16},"end":{"line":92,"column":16},"skip":true}]},"13":{"line":108,"type":"if","locations":[{"start":{"line":108,"column":12},"end":{"line":108,"column":12},"skip":true},{"start":{"line":108,"column":12},"end":{"line":108,"column":12},"skip":true}]},"14":{"line":108,"type":"binary-expr","locations":[{"start":{"line":108,"column":16},"end":{"line":108,"column":61},"skip":true},{"start":{"line":108,"column":66},"end":{"line":108,"column":72},"skip":true},{"start":{"line":108,"column":77},"end":{"line":108,"column":82},"skip":true},{"start":{"line":109,"column":20},"end":{"line":109,"column":39},"skip":true},{"start":{"line":110,"column":20},"end":{"line":110,"column":49},"skip":true},{"start":{"line":111,"column":20},"end":{"line":111,"column":58},"skip":true},{"start":{"line":112,"column":20},"end":{"line":112,"column":68},"skip":true}]},"15":{"line":129,"type":"if","locations":[{"start":{"line":129,"column":16},"end":{"line":129,"column":16},"skip":true},{"start":{"line":129,"column":16},"end":{"line":129,"column":16},"skip":true}]},"16":{"line":134,"type":"cond-expr","locations":[{"start":{"line":135,"column":26},"end":{"line":135,"column":29},"skip":true},{"start":{"line":136,"column":26},"end":{"line":136,"column":54},"skip":true}]},"17":{"line":164,"type":"binary-expr","locations":[{"start":{"line":164,"column":27},"end":{"line":164,"column":43},"skip":true},{"start":{"line":164,"column":47},"end":{"line":164,"column":49},"skip":true}]},"18":{"line":258,"type":"if","locations":[{"start":{"line":258,"column":8},"end":{"line":258,"column":8},"skip":true},{"start":{"line":258,"column":8},"end":{"line":258,"column":8},"skip":true}]},"19":{"line":275,"type":"switch","locations":[{"start":{"line":276,"column":20},"end":{"line":277,"column":64},"skip":true},{"start":{"line":278,"column":20},"end":{"line":279,"column":40},"skip":true},{"start":{"line":280,"column":20},"end":{"line":281,"column":40},"skip":true},{"start":{"line":282,"column":20},"end":{"line":283,"column":39},"skip":true}]},"20":{"line":288,"type":"if","locations":[{"start":{"line":288,"column":8},"end":{"line":288,"column":8},"skip":true},{"start":{"line":288,"column":8},"end":{"line":288,"column":8},"skip":true}]},"21":{"line":288,"type":"binary-expr","locations":[{"start":{"line":288,"column":12},"end":{"line":288,"column":40},"skip":true},{"start":{"line":288,"column":44},"end":{"line":288,"column":67},"skip":true}]},"22":{"line":292,"type":"binary-expr","locations":[{"start":{"line":292,"column":12},"end":{"line":292,"column":50},"skip":true},{"start":{"line":293,"column":12},"end":{"line":293,"column":53},"skip":true}]},"23":{"line":295,"type":"binary-expr","locations":[{"start":{"line":295,"column":12},"end":{"line":295,"column":68},"skip":true},{"start":{"line":296,"column":12},"end":{"line":301,"column":36},"skip":true}]},"24":{"line":302,"type":"binary-expr","locations":[{"start":{"line":302,"column":43},"end":{"line":302,"column":75},"skip":true},{"start":{"line":302,"column":79},"end":{"line":302,"column":81},"skip":true}]},"25":{"line":305,"type":"if","locations":[{"start":{"line":305,"column":8},"end":{"line":305,"column":8},"skip":true},{"start":{"line":305,"column":8},"end":{"line":305,"column":8},"skip":true}]},"26":{"line":309,"type":"if","locations":[{"start":{"line":309,"column":8},"end":{"line":309,"column":8},"skip":true},{"start":{"line":309,"column":8},"end":{"line":309,"column":8},"skip":true}]},"27":{"line":312,"type":"binary-expr","locations":[{"start":{"line":312,"column":27},"end":{"line":312,"column":43},"skip":true},{"start":{"line":312,"column":47},"end":{"line":312,"column":53},"skip":true}]},"28":{"line":316,"type":"if","locations":[{"start":{"line":316,"column":12},"end":{"line":316,"column":12},"skip":true},{"start":{"line":316,"column":12},"end":{"line":316,"column":12},"skip":true}]}},"code":["/*","example.js","","quickstart example","","instruction","    1. save this script as example.js","    2. run the shell command:","        $ npm install npmtest-source-map && PORT=8081 node example.js","    3. play with the browser-demo on http://127.0.0.1:8081","*/","","","","/* istanbul instrument in package npmtest_source_map */","/*jslint","    bitwise: true,","    browser: true,","    maxerr: 8,","    maxlen: 96,","    node: true,","    nomen: true,","    regexp: true,","    stupid: true","*/","(function () {","    'use strict';","    var local;","","","","    // run shared js-env code - pre-init","    (function () {","        // init local","        local = {};","        // init modeJs","        local.modeJs = (function () {","            try {","                return typeof navigator.userAgent === 'string' &&","                    typeof document.querySelector('body') === 'object' &&","                    typeof XMLHttpRequest.prototype.open === 'function' &&","                    'browser';","            } catch (errorCaughtBrowser) {","                return module.exports &&","                    typeof process.versions.node === 'string' &&","                    typeof require('http').createServer === 'function' &&","                    'node';","            }","        }());","        // init global","        local.global = local.modeJs === 'browser'","            ? window","            : global;","        // init utility2_rollup","        local = local.global.utility2_rollup || (local.modeJs === 'browser'","            ? local.global.utility2_npmtest_source_map","            : global.utility2_moduleExports);","        // export local","        local.global.local = local;","    }());","    switch (local.modeJs) {","","","","    // post-init","    // run browser js-env code - post-init","    /* istanbul ignore next */","    case 'browser':","        local.testRunBrowser = function (event) {","            if (!event || (event &&","                    event.currentTarget &&","                    event.currentTarget.className &&","                    event.currentTarget.className.includes &&","                    event.currentTarget.className.includes('onreset'))) {","                // reset output","                Array.from(","                    document.querySelectorAll('body > .resettable')","                ).forEach(function (element) {","                    switch (element.tagName) {","                    case 'INPUT':","                    case 'TEXTAREA':","                        element.value = '';","                        break;","                    default:","                        element.textContent = '';","                    }","                });","            }","            switch (event && event.currentTarget && event.currentTarget.id) {","            case 'testRunButton1':","                // show tests","                if (document.querySelector('#testReportDiv1').style.display === 'none') {","                    document.querySelector('#testReportDiv1').style.display = 'block';","                    document.querySelector('#testRunButton1').textContent =","                        'hide internal test';","                    local.modeTest = true;","                    local.testRunDefault(local);","                // hide tests","                } else {","                    document.querySelector('#testReportDiv1').style.display = 'none';","                    document.querySelector('#testRunButton1').textContent = 'run internal test';","                }","                break;","            // custom-case","            default:","                break;","            }","            if (document.querySelector('#inputTextareaEval1') && (!event || (event &&","                    event.currentTarget &&","                    event.currentTarget.className &&","                    event.currentTarget.className.includes &&","                    event.currentTarget.className.includes('oneval')))) {","                // try to eval input-code","                try {","                    /*jslint evil: true*/","                    eval(document.querySelector('#inputTextareaEval1').value);","                } catch (errorCaught) {","                    console.error(errorCaught);","                }","            }","        };","        // log stderr and stdout to #outputTextareaStdout1","        ['error', 'log'].forEach(function (key) {","            console[key + '_original'] = console[key];","            console[key] = function () {","                var element;","                console[key + '_original'].apply(console, arguments);","                element = document.querySelector('#outputTextareaStdout1');","                if (!element) {","                    return;","                }","                // append text to #outputTextareaStdout1","                element.value += Array.from(arguments).map(function (arg) {","                    return typeof arg === 'string'","                        ? arg","                        : JSON.stringify(arg, null, 4);","                }).join(' ') + '\\n';","                // scroll textarea to bottom","                element.scrollTop = element.scrollHeight;","            };","        });","        // init event-handling","        ['change', 'click', 'keyup'].forEach(function (event) {","            Array.from(document.querySelectorAll('.on' + event)).forEach(function (element) {","                element.addEventListener(event, local.testRunBrowser);","            });","        });","        // run tests","        local.testRunBrowser();","        break;","","","","    // run node js-env code - post-init","    /* istanbul ignore next */","    case 'node':","        // export local","        module.exports = local;","        // require modules","        local.fs = require('fs');","        local.http = require('http');","        local.url = require('url');","        // init assets","        local.assetsDict = local.assetsDict || {};","        /* jslint-ignore-begin */","        local.assetsDict['/assets.index.template.html'] = '\\","<!doctype html>\\n\\","<html lang=\"en\">\\n\\","<head>\\n\\","<meta charset=\"UTF-8\">\\n\\","<meta name=\"viewport\" content=\"width=device-width, initial-scale=1\">\\n\\","<title>{{env.npm_package_name}} (v{{env.npm_package_version}})</title>\\n\\","<style>\\n\\","/*csslint\\n\\","    box-sizing: false,\\n\\","    universal-selector: false\\n\\","*/\\n\\","* {\\n\\","    box-sizing: border-box;\\n\\","}\\n\\","body {\\n\\","    background: #dde;\\n\\","    font-family: Arial, Helvetica, sans-serif;\\n\\","    margin: 2rem;\\n\\","}\\n\\","body > * {\\n\\","    margin-bottom: 1rem;\\n\\","}\\n\\",".utility2FooterDiv {\\n\\","    margin-top: 20px;\\n\\","    text-align: center;\\n\\","}\\n\\","</style>\\n\\","<style>\\n\\","/*csslint\\n\\","*/\\n\\","textarea {\\n\\","    font-family: monospace;\\n\\","    height: 10rem;\\n\\","    width: 100%;\\n\\","}\\n\\","textarea[readonly] {\\n\\","    background: #ddd;\\n\\","}\\n\\","</style>\\n\\","</head>\\n\\","<body>\\n\\","<!-- utility2-comment\\n\\","<div id=\"ajaxProgressDiv1\" style=\"background: #d00; height: 2px; left: 0; margin: 0; padding: 0; position: fixed; top: 0; transition: background 0.5s, width 1.5s; width: 25%;\"></div>\\n\\","utility2-comment -->\\n\\","<h1>\\n\\","<!-- utility2-comment\\n\\","    <a\\n\\","        {{#if env.npm_package_homepage}}\\n\\","        href=\"{{env.npm_package_homepage}}\"\\n\\","        {{/if env.npm_package_homepage}}\\n\\","        target=\"_blank\"\\n\\","    >\\n\\","utility2-comment -->\\n\\","        {{env.npm_package_name}} (v{{env.npm_package_version}})\\n\\","<!-- utility2-comment\\n\\","    </a>\\n\\","utility2-comment -->\\n\\","</h1>\\n\\","<h3>{{env.npm_package_description}}</h3>\\n\\","<!-- utility2-comment\\n\\","<h4><a download href=\"assets.app.js\">download standalone app</a></h4>\\n\\","<button class=\"onclick onreset\" id=\"testRunButton1\">run internal test</button><br>\\n\\","<div id=\"testReportDiv1\" style=\"display: none;\"></div>\\n\\","utility2-comment -->\\n\\","\\n\\","\\n\\","\\n\\","<label>stderr and stdout</label>\\n\\","<textarea class=\"resettable\" id=\"outputTextareaStdout1\" readonly></textarea>\\n\\","<!-- utility2-comment\\n\\","{{#if isRollup}}\\n\\","<script src=\"assets.app.js\"></script>\\n\\","{{#unless isRollup}}\\n\\","utility2-comment -->\\n\\","<script src=\"assets.utility2.rollup.js\"></script>\\n\\","<script src=\"jsonp.utility2._stateInit?callback=window.utility2._stateInit\"></script>\\n\\","<script src=\"assets.npmtest_source_map.rollup.js\"></script>\\n\\","<script src=\"assets.example.js\"></script>\\n\\","<script src=\"assets.test.js\"></script>\\n\\","<!-- utility2-comment\\n\\","{{/if isRollup}}\\n\\","utility2-comment -->\\n\\","<div class=\"utility2FooterDiv\">\\n\\","    [ this app was created with\\n\\","    <a href=\"https://github.com/kaizhu256/node-utility2\" target=\"_blank\">utility2</a>\\n\\","    ]\\n\\","</div>\\n\\","</body>\\n\\","</html>\\n\\","';","        /* jslint-ignore-end */","        if (local.templateRender) {","            local.assetsDict['/'] = local.templateRender(","                local.assetsDict['/assets.index.template.html'],","                {","                    env: local.objectSetDefault(local.env, {","                        npm_package_description: 'the greatest app in the world!',","                        npm_package_name: 'my-app',","                        npm_package_nameAlias: 'my_app',","                        npm_package_version: '0.0.1'","                    })","                }","            );","        } else {","            local.assetsDict['/'] = local.assetsDict['/assets.index.template.html']","                .replace((/\\{\\{env\\.(\\w+?)\\}\\}/g), function (match0, match1) {","                    // jslint-hack","                    String(match0);","                    switch (match1) {","                    case 'npm_package_description':","                        return 'the greatest app in the world!';","                    case 'npm_package_name':","                        return 'my-app';","                    case 'npm_package_nameAlias':","                        return 'my_app';","                    case 'npm_package_version':","                        return '0.0.1';","                    }","                });","        }","        // run the cli","        if (local.global.utility2_rollup || module !== require.main) {","            break;","        }","        local.assetsDict['/assets.example.js'] =","            local.assetsDict['/assets.example.js'] ||","            local.fs.readFileSync(__filename, 'utf8');","        local.assetsDict['/assets.npmtest_source_map.rollup.js'] =","            local.assetsDict['/assets.npmtest_source_map.rollup.js'] ||","            local.fs.readFileSync(","                // buildCustomOrg-hack","                local.npmtest_source_map.__dirname +","                    '/lib.npmtest_source_map.js',","                'utf8'","            ).replace((/^#!/), '//');","        local.assetsDict['/favicon.ico'] = local.assetsDict['/favicon.ico'] || '';","        // if $npm_config_timeout_exit exists,","        // then exit this process after $npm_config_timeout_exit ms","        if (Number(process.env.npm_config_timeout_exit)) {","            setTimeout(process.exit, Number(process.env.npm_config_timeout_exit));","        }","        // start server","        if (local.global.utility2_serverHttp1) {","            break;","        }","        process.env.PORT = process.env.PORT || '8081';","        console.error('server starting on port ' + process.env.PORT);","        local.http.createServer(function (request, response) {","            request.urlParsed = local.url.parse(request.url);","            if (local.assetsDict[request.urlParsed.pathname] !== undefined) {","                response.end(local.assetsDict[request.urlParsed.pathname]);","                return;","            }","            response.statusCode = 404;","            response.end();","        }).listen(process.env.PORT);","        break;","    }","}());",""],"l":{"26":2,"28":2,"33":2,"35":2,"37":2,"38":2,"39":2,"44":1,"51":2,"55":2,"59":2,"61":2,"69":1,"70":2,"76":2,"79":2,"82":2,"83":2,"85":1,"89":2,"92":1,"93":1,"94":1,"96":1,"97":1,"100":1,"101":1,"103":1,"106":1,"108":2,"114":1,"116":1,"118":1,"123":1,"124":2,"125":2,"126":2,"127":2,"128":2,"129":2,"130":1,"133":2,"134":2,"139":2,"143":1,"144":3,"145":1,"149":1,"150":1,"158":1,"160":1,"161":1,"162":1,"164":1,"166":1,"258":1,"259":1,"271":1,"274":6,"275":6,"277":1,"279":2,"281":1,"283":2,"288":1,"289":1,"291":1,"294":1,"302":1,"305":1,"306":1,"309":1,"310":1,"312":1,"313":1,"314":1,"315":1,"316":1,"317":1,"318":1,"320":1,"321":1,"323":1}},"/home/travis/build/npmtest/node-npmtest-source-map/node_modules/source-map/source-map.js":{"path":"/home/travis/build/npmtest/node-npmtest-source-map/node_modules/source-map/source-map.js","s":{"1":1,"2":1,"3":1},"b":{},"f":{},"fnMap":{},"statementMap":{"1":{"start":{"line":6,"column":0},"end":{"line":6,"column":86}},"2":{"start":{"line":7,"column":0},"end":{"line":7,"column":83}},"3":{"start":{"line":8,"column":0},"end":{"line":8,"column":61}}},"branchMap":{},"code":["/*"," * Copyright 2009-2011 Mozilla Foundation and contributors"," * Licensed under the New BSD license. See LICENSE.txt or:"," * http://opensource.org/licenses/BSD-3-Clause"," */","exports.SourceMapGenerator = require('./lib/source-map-generator').SourceMapGenerator;","exports.SourceMapConsumer = require('./lib/source-map-consumer').SourceMapConsumer;","exports.SourceNode = require('./lib/source-node').SourceNode;",""],"l":{"6":1,"7":1,"8":1}},"/home/travis/build/npmtest/node-npmtest-source-map/node_modules/source-map/lib/source-map-generator.js":{"path":"/home/travis/build/npmtest/node-npmtest-source-map/node_modules/source-map/lib/source-map-generator.js","s":{"1":1,"2":1,"3":1,"4":1,"5":1,"6":0,"7":0,"8":0,"9":0,"10":0,"11":0,"12":0,"13":0,"14":0,"15":1,"16":1,"17":0,"18":0,"19":0,"20":0,"21":0,"22":0,"23":0,"24":0,"25":0,"26":0,"27":0,"28":0,"29":0,"30":0,"31":0,"32":0,"33":0,"34":1,"35":0,"36":0,"37":0,"38":0,"39":0,"40":0,"41":0,"42":0,"43":0,"44":0,"45":0,"46":0,"47":0,"48":0,"49":0,"50":1,"51":0,"52":0,"53":0,"54":0,"55":0,"56":0,"57":0,"58":0,"59":0,"60":0,"61":0,"62":1,"63":0,"64":0,"65":0,"66":0,"67":0,"68":0,"69":0,"70":0,"71":0,"72":0,"73":0,"74":0,"75":0,"76":0,"77":0,"78":0,"79":0,"80":0,"81":0,"82":0,"83":0,"84":0,"85":0,"86":0,"87":0,"88":0,"89":0,"90":0,"91":0,"92":0,"93":0,"94":0,"95":0,"96":0,"97":0,"98":0,"99":0,"100":0,"101":0,"102":1,"103":0,"104":0,"105":0,"106":0,"107":0,"108":1,"109":0,"110":0,"111":0,"112":0,"113":0,"114":0,"115":0,"116":0,"117":0,"118":0,"119":0,"120":0,"121":0,"122":0,"123":0,"124":0,"125":0,"126":0,"127":0,"128":0,"129":0,"130":0,"131":0,"132":0,"133":0,"134":0,"135":0,"136":0,"137":0,"138":0,"139":0,"140":0,"141":0,"142":0,"143":0,"144":0,"145":0,"146":0,"147":0,"148":0,"149":1,"150":0,"151":0,"152":0,"153":0,"154":0,"155":0,"156":0,"157":1,"158":0,"159":0,"160":0,"161":0,"162":0,"163":0,"164":0,"165":0,"166":1,"167":0,"168":1},"b":{"1":[0,0],"2":[0,0],"3":[0,0],"4":[0,0],"5":[0,0],"6":[0,0],"7":[0,0],"8":[0,0],"9":[0,0],"10":[0,0],"11":[0,0],"12":[0,0],"13":[0,0],"14":[0,0],"15":[0,0],"16":[0,0],"17":[0,0],"18":[0,0],"19":[0,0],"20":[0,0],"21":[0,0],"22":[0,0],"23":[0,0],"24":[0,0],"25":[0,0],"26":[0,0],"27":[0,0],"28":[0,0],"29":[0,0],"30":[0,0],"31":[0,0],"32":[0,0],"33":[0,0],"34":[0,0],"35":[0,0,0,0,0,0,0,0],"36":[0,0],"37":[0,0,0,0,0,0,0,0,0,0,0],"38":[0,0],"39":[0,0],"40":[0,0],"41":[0,0],"42":[0,0],"43":[0,0],"44":[0,0],"45":[0,0],"46":[0,0],"47":[0,0],"48":[0,0]},"f":{"1":0,"2":0,"3":0,"4":0,"5":0,"6":0,"7":0,"8":0,"9":0,"10":0,"11":0,"12":0,"13":0,"14":0,"15":0},"fnMap":{"1":{"name":"SourceMapGenerator","line":21,"loc":{"start":{"line":21,"column":0},"end":{"line":21,"column":35}}},"2":{"name":"SourceMapGenerator_fromSourceMap","line":42,"loc":{"start":{"line":42,"column":2},"end":{"line":42,"column":64}}},"3":{"name":"(anonymous_3)","line":48,"loc":{"start":{"line":48,"column":35},"end":{"line":48,"column":54}}},"4":{"name":"(anonymous_4)","line":74,"loc":{"start":{"line":74,"column":39},"end":{"line":74,"column":61}}},"5":{"name":"SourceMapGenerator_addMapping","line":94,"loc":{"start":{"line":94,"column":2},"end":{"line":94,"column":48}}},"6":{"name":"SourceMapGenerator_setSourceContent","line":132,"loc":{"start":{"line":132,"column":2},"end":{"line":132,"column":76}}},"7":{"name":"SourceMapGenerator_applySourceMap","line":172,"loc":{"start":{"line":172,"column":2},"end":{"line":172,"column":94}}},"8":{"name":"(anonymous_8)","line":195,"loc":{"start":{"line":195,"column":35},"end":{"line":195,"column":54}}},"9":{"name":"(anonymous_9)","line":234,"loc":{"start":{"line":234,"column":39},"end":{"line":234,"column":61}}},"10":{"name":"SourceMapGenerator_validateMapping","line":260,"loc":{"start":{"line":260,"column":2},"end":{"line":261,"column":53}}},"11":{"name":"SourceMapGenerator_serializeMappings","line":291,"loc":{"start":{"line":291,"column":2},"end":{"line":291,"column":50}}},"12":{"name":"SourceMapGenerator_generateSourcesContent","line":357,"loc":{"start":{"line":357,"column":2},"end":{"line":357,"column":76}}},"13":{"name":"(anonymous_13)","line":358,"loc":{"start":{"line":358,"column":24},"end":{"line":358,"column":42}}},"14":{"name":"SourceMapGenerator_toJSON","line":376,"loc":{"start":{"line":376,"column":2},"end":{"line":376,"column":39}}},"15":{"name":"SourceMapGenerator_toString","line":400,"loc":{"start":{"line":400,"column":2},"end":{"line":400,"column":41}}}},"statementMap":{"1":{"start":{"line":8,"column":0},"end":{"line":8,"column":40}},"2":{"start":{"line":9,"column":0},"end":{"line":9,"column":29}},"3":{"start":{"line":10,"column":0},"end":{"line":10,"column":47}},"4":{"start":{"line":11,"column":0},"end":{"line":11,"column":56}},"5":{"start":{"line":21,"column":0},"end":{"line":32,"column":1}},"6":{"start":{"line":22,"column":2},"end":{"line":24,"column":3}},"7":{"start":{"line":23,"column":4},"end":{"line":23,"column":15}},"8":{"start":{"line":25,"column":2},"end":{"line":25,"column":48}},"9":{"start":{"line":26,"column":2},"end":{"line":26,"column":60}},"10":{"start":{"line":27,"column":2},"end":{"line":27,"column":69}},"11":{"start":{"line":28,"column":2},"end":{"line":28,"column":33}},"12":{"start":{"line":29,"column":2},"end":{"line":29,"column":31}},"13":{"start":{"line":30,"column":2},"end":{"line":30,"column":37}},"14":{"start":{"line":31,"column":2},"end":{"line":31,"column":31}},"15":{"start":{"line":34,"column":0},"end":{"line":34,"column":42}},"16":{"start":{"line":41,"column":0},"end":{"line":81,"column":4}},"17":{"start":{"line":43,"column":4},"end":{"line":43,"column":51}},"18":{"start":{"line":44,"column":4},"end":{"line":47,"column":7}},"19":{"start":{"line":48,"column":4},"end":{"line":73,"column":7}},"20":{"start":{"line":49,"column":6},"end":{"line":54,"column":8}},"21":{"start":{"line":56,"column":6},"end":{"line":70,"column":7}},"22":{"start":{"line":57,"column":8},"end":{"line":57,"column":43}},"23":{"start":{"line":58,"column":8},"end":{"line":60,"column":9}},"24":{"start":{"line":59,"column":10},"end":{"line":59,"column":75}},"25":{"start":{"line":62,"column":8},"end":{"line":65,"column":10}},"26":{"start":{"line":67,"column":8},"end":{"line":69,"column":9}},"27":{"start":{"line":68,"column":10},"end":{"line":68,"column":41}},"28":{"start":{"line":72,"column":6},"end":{"line":72,"column":39}},"29":{"start":{"line":74,"column":4},"end":{"line":79,"column":7}},"30":{"start":{"line":75,"column":6},"end":{"line":75,"column":68}},"31":{"start":{"line":76,"column":6},"end":{"line":78,"column":7}},"32":{"start":{"line":77,"column":8},"end":{"line":77,"column":56}},"33":{"start":{"line":80,"column":4},"end":{"line":80,"column":21}},"34":{"start":{"line":93,"column":0},"end":{"line":126,"column":4}},"35":{"start":{"line":95,"column":4},"end":{"line":95,"column":52}},"36":{"start":{"line":96,"column":4},"end":{"line":96,"column":56}},"37":{"start":{"line":97,"column":4},"end":{"line":97,"column":52}},"38":{"start":{"line":98,"column":4},"end":{"line":98,"column":48}},"39":{"start":{"line":100,"column":4},"end":{"line":102,"column":5}},"40":{"start":{"line":101,"column":6},"end":{"line":101,"column":63}},"41":{"start":{"line":104,"column":4},"end":{"line":109,"column":5}},"42":{"start":{"line":105,"column":6},"end":{"line":105,"column":30}},"43":{"start":{"line":106,"column":6},"end":{"line":108,"column":7}},"44":{"start":{"line":107,"column":8},"end":{"line":107,"column":34}},"45":{"start":{"line":111,"column":4},"end":{"line":116,"column":5}},"46":{"start":{"line":112,"column":6},"end":{"line":112,"column":26}},"47":{"start":{"line":113,"column":6},"end":{"line":115,"column":7}},"48":{"start":{"line":114,"column":8},"end":{"line":114,"column":30}},"49":{"start":{"line":118,"column":4},"end":{"line":125,"column":7}},"50":{"start":{"line":131,"column":0},"end":{"line":153,"column":4}},"51":{"start":{"line":133,"column":4},"end":{"line":133,"column":29}},"52":{"start":{"line":134,"column":4},"end":{"line":136,"column":5}},"53":{"start":{"line":135,"column":6},"end":{"line":135,"column":55}},"54":{"start":{"line":138,"column":4},"end":{"line":152,"column":5}},"55":{"start":{"line":141,"column":6},"end":{"line":143,"column":7}},"56":{"start":{"line":142,"column":8},"end":{"line":142,"column":52}},"57":{"start":{"line":144,"column":6},"end":{"line":144,"column":71}},"58":{"start":{"line":145,"column":11},"end":{"line":152,"column":5}},"59":{"start":{"line":148,"column":6},"end":{"line":148,"column":61}},"60":{"start":{"line":149,"column":6},"end":{"line":151,"column":7}},"61":{"start":{"line":150,"column":8},"end":{"line":150,"column":37}},"62":{"start":{"line":171,"column":0},"end":{"line":246,"column":4}},"63":{"start":{"line":173,"column":4},"end":{"line":173,"column":33}},"64":{"start":{"line":175,"column":4},"end":{"line":183,"column":5}},"65":{"start":{"line":176,"column":6},"end":{"line":181,"column":7}},"66":{"start":{"line":177,"column":8},"end":{"line":180,"column":10}},"67":{"start":{"line":182,"column":6},"end":{"line":182,"column":43}},"68":{"start":{"line":184,"column":4},"end":{"line":184,"column":38}},"69":{"start":{"line":186,"column":4},"end":{"line":188,"column":5}},"70":{"start":{"line":187,"column":6},"end":{"line":187,"column":57}},"71":{"start":{"line":191,"column":4},"end":{"line":191,"column":36}},"72":{"start":{"line":192,"column":4},"end":{"line":192,"column":34}},"73":{"start":{"line":195,"column":4},"end":{"line":229,"column":13}},"74":{"start":{"line":196,"column":6},"end":{"line":217,"column":7}},"75":{"start":{"line":198,"column":8},"end":{"line":201,"column":11}},"76":{"start":{"line":202,"column":8},"end":{"line":216,"column":9}},"77":{"start":{"line":204,"column":10},"end":{"line":204,"column":43}},"78":{"start":{"line":205,"column":10},"end":{"line":207,"column":11}},"79":{"start":{"line":206,"column":12},"end":{"line":206,"column":70}},"80":{"start":{"line":208,"column":10},"end":{"line":210,"column":11}},"81":{"start":{"line":209,"column":12},"end":{"line":209,"column":71}},"82":{"start":{"line":211,"column":10},"end":{"line":211,"column":47}},"83":{"start":{"line":212,"column":10},"end":{"line":212,"column":51}},"84":{"start":{"line":213,"column":10},"end":{"line":215,"column":11}},"85":{"start":{"line":214,"column":12},"end":{"line":214,"column":41}},"86":{"start":{"line":219,"column":6},"end":{"line":219,"column":34}},"87":{"start":{"line":220,"column":6},"end":{"line":222,"column":7}},"88":{"start":{"line":221,"column":8},"end":{"line":221,"column":31}},"89":{"start":{"line":224,"column":6},"end":{"line":224,"column":30}},"90":{"start":{"line":225,"column":6},"end":{"line":227,"column":7}},"91":{"start":{"line":226,"column":8},"end":{"line":226,"column":27}},"92":{"start":{"line":230,"column":4},"end":{"line":230,"column":31}},"93":{"start":{"line":231,"column":4},"end":{"line":231,"column":27}},"94":{"start":{"line":234,"column":4},"end":{"line":245,"column":13}},"95":{"start":{"line":235,"column":6},"end":{"line":235,"column":68}},"96":{"start":{"line":236,"column":6},"end":{"line":244,"column":7}},"97":{"start":{"line":237,"column":8},"end":{"line":239,"column":9}},"98":{"start":{"line":238,"column":10},"end":{"line":238,"column":61}},"99":{"start":{"line":240,"column":8},"end":{"line":242,"column":9}},"100":{"start":{"line":241,"column":10},"end":{"line":241,"column":61}},"101":{"start":{"line":243,"column":8},"end":{"line":243,"column":51}},"102":{"start":{"line":259,"column":0},"end":{"line":284,"column":4}},"103":{"start":{"line":262,"column":4},"end":{"line":283,"column":5}},"104":{"start":{"line":266,"column":6},"end":{"line":266,"column":13}},"105":{"start":{"line":268,"column":9},"end":{"line":283,"column":5}},"106":{"start":{"line":274,"column":6},"end":{"line":274,"column":13}},"107":{"start":{"line":277,"column":6},"end":{"line":282,"column":10}},"108":{"start":{"line":290,"column":0},"end":{"line":354,"column":4}},"109":{"start":{"line":292,"column":4},"end":{"line":292,"column":36}},"110":{"start":{"line":293,"column":4},"end":{"line":293,"column":34}},"111":{"start":{"line":294,"column":4},"end":{"line":294,"column":35}},"112":{"start":{"line":295,"column":4},"end":{"line":295,"column":33}},"113":{"start":{"line":296,"column":4},"end":{"line":296,"column":25}},"114":{"start":{"line":297,"column":4},"end":{"line":297,"column":27}},"115":{"start":{"line":298,"column":4},"end":{"line":298,"column":20}},"116":{"start":{"line":299,"column":4},"end":{"line":299,"column":13}},"117":{"start":{"line":300,"column":4},"end":{"line":300,"column":16}},"118":{"start":{"line":301,"column":4},"end":{"line":301,"column":16}},"119":{"start":{"line":302,"column":4},"end":{"line":302,"column":18}},"120":{"start":{"line":304,"column":4},"end":{"line":304,"column":44}},"121":{"start":{"line":305,"column":4},"end":{"line":351,"column":5}},"122":{"start":{"line":306,"column":6},"end":{"line":306,"column":28}},"123":{"start":{"line":307,"column":6},"end":{"line":307,"column":15}},"124":{"start":{"line":309,"column":6},"end":{"line":323,"column":7}},"125":{"start":{"line":310,"column":8},"end":{"line":310,"column":36}},"126":{"start":{"line":311,"column":8},"end":{"line":314,"column":9}},"127":{"start":{"line":312,"column":10},"end":{"line":312,"column":22}},"128":{"start":{"line":313,"column":10},"end":{"line":313,"column":34}},"129":{"start":{"line":317,"column":8},"end":{"line":322,"column":9}},"130":{"start":{"line":318,"column":10},"end":{"line":320,"column":11}},"131":{"start":{"line":319,"column":12},"end":{"line":319,"column":21}},"132":{"start":{"line":321,"column":10},"end":{"line":321,"column":22}},"133":{"start":{"line":325,"column":6},"end":{"line":326,"column":60}},"134":{"start":{"line":327,"column":6},"end":{"line":327,"column":56}},"135":{"start":{"line":329,"column":6},"end":{"line":348,"column":7}},"136":{"start":{"line":330,"column":8},"end":{"line":330,"column":58}},"137":{"start":{"line":331,"column":8},"end":{"line":331,"column":61}},"138":{"start":{"line":332,"column":8},"end":{"line":332,"column":35}},"139":{"start":{"line":335,"column":8},"end":{"line":336,"column":59}},"140":{"start":{"line":337,"column":8},"end":{"line":337,"column":56}},"141":{"start":{"line":339,"column":8},"end":{"line":340,"column":61}},"142":{"start":{"line":341,"column":8},"end":{"line":341,"column":56}},"143":{"start":{"line":343,"column":8},"end":{"line":347,"column":9}},"144":{"start":{"line":344,"column":10},"end":{"line":344,"column":54}},"145":{"start":{"line":345,"column":10},"end":{"line":345,"column":59}},"146":{"start":{"line":346,"column":10},"end":{"line":346,"column":33}},"147":{"start":{"line":350,"column":6},"end":{"line":350,"column":21}},"148":{"start":{"line":353,"column":4},"end":{"line":353,"column":18}},"149":{"start":{"line":356,"column":0},"end":{"line":370,"column":4}},"150":{"start":{"line":358,"column":4},"end":{"line":369,"column":13}},"151":{"start":{"line":359,"column":6},"end":{"line":361,"column":7}},"152":{"start":{"line":360,"column":8},"end":{"line":360,"column":20}},"153":{"start":{"line":362,"column":6},"end":{"line":364,"column":7}},"154":{"start":{"line":363,"column":8},"end":{"line":363,"column":52}},"155":{"start":{"line":365,"column":6},"end":{"line":365,"column":41}},"156":{"start":{"line":366,"column":6},"end":{"line":368,"column":15}},"157":{"start":{"line":375,"column":0},"end":{"line":394,"column":4}},"158":{"start":{"line":377,"column":4},"end":{"line":382,"column":6}},"159":{"start":{"line":383,"column":4},"end":{"line":385,"column":5}},"160":{"start":{"line":384,"column":6},"end":{"line":384,"column":28}},"161":{"start":{"line":386,"column":4},"end":{"line":388,"column":5}},"162":{"start":{"line":387,"column":6},"end":{"line":387,"column":40}},"163":{"start":{"line":389,"column":4},"end":{"line":391,"column":5}},"164":{"start":{"line":390,"column":6},"end":{"line":390,"column":85}},"165":{"start":{"line":393,"column":4},"end":{"line":393,"column":15}},"166":{"start":{"line":399,"column":0},"end":{"line":402,"column":4}},"167":{"start":{"line":401,"column":4},"end":{"line":401,"column":41}},"168":{"start":{"line":404,"column":0},"end":{"line":404,"column":48}}},"branchMap":{"1":{"line":22,"type":"if","locations":[{"start":{"line":22,"column":2},"end":{"line":22,"column":2}},{"start":{"line":22,"column":2},"end":{"line":22,"column":2}}]},"2":{"line":56,"type":"if","locations":[{"start":{"line":56,"column":6},"end":{"line":56,"column":6}},{"start":{"line":56,"column":6},"end":{"line":56,"column":6}}]},"3":{"line":58,"type":"if","locations":[{"start":{"line":58,"column":8},"end":{"line":58,"column":8}},{"start":{"line":58,"column":8},"end":{"line":58,"column":8}}]},"4":{"line":67,"type":"if","locations":[{"start":{"line":67,"column":8},"end":{"line":67,"column":8}},{"start":{"line":67,"column":8},"end":{"line":67,"column":8}}]},"5":{"line":76,"type":"if","locations":[{"start":{"line":76,"column":6},"end":{"line":76,"column":6}},{"start":{"line":76,"column":6},"end":{"line":76,"column":6}}]},"6":{"line":100,"type":"if","locations":[{"start":{"line":100,"column":4},"end":{"line":100,"column":4}},{"start":{"line":100,"column":4},"end":{"line":100,"column":4}}]},"7":{"line":104,"type":"if","locations":[{"start":{"line":104,"column":4},"end":{"line":104,"column":4}},{"start":{"line":104,"column":4},"end":{"line":104,"column":4}}]},"8":{"line":106,"type":"if","locations":[{"start":{"line":106,"column":6},"end":{"line":106,"column":6}},{"start":{"line":106,"column":6},"end":{"line":106,"column":6}}]},"9":{"line":111,"type":"if","locations":[{"start":{"line":111,"column":4},"end":{"line":111,"column":4}},{"start":{"line":111,"column":4},"end":{"line":111,"column":4}}]},"10":{"line":113,"type":"if","locations":[{"start":{"line":113,"column":6},"end":{"line":113,"column":6}},{"start":{"line":113,"column":6},"end":{"line":113,"column":6}}]},"11":{"line":121,"type":"binary-expr","locations":[{"start":{"line":121,"column":20},"end":{"line":121,"column":36}},{"start":{"line":121,"column":40},"end":{"line":121,"column":53}}]},"12":{"line":122,"type":"binary-expr","locations":[{"start":{"line":122,"column":22},"end":{"line":122,"column":38}},{"start":{"line":122,"column":42},"end":{"line":122,"column":57}}]},"13":{"line":134,"type":"if","locations":[{"start":{"line":134,"column":4},"end":{"line":134,"column":4}},{"start":{"line":134,"column":4},"end":{"line":134,"column":4}}]},"14":{"line":138,"type":"if","locations":[{"start":{"line":138,"column":4},"end":{"line":138,"column":4}},{"start":{"line":138,"column":4},"end":{"line":138,"column":4}}]},"15":{"line":141,"type":"if","locations":[{"start":{"line":141,"column":6},"end":{"line":141,"column":6}},{"start":{"line":141,"column":6},"end":{"line":141,"column":6}}]},"16":{"line":145,"type":"if","locations":[{"start":{"line":145,"column":11},"end":{"line":145,"column":11}},{"start":{"line":145,"column":11},"end":{"line":145,"column":11}}]},"17":{"line":149,"type":"if","locations":[{"start":{"line":149,"column":6},"end":{"line":149,"column":6}},{"start":{"line":149,"column":6},"end":{"line":149,"column":6}}]},"18":{"line":175,"type":"if","locations":[{"start":{"line":175,"column":4},"end":{"line":175,"column":4}},{"start":{"line":175,"column":4},"end":{"line":175,"column":4}}]},"19":{"line":176,"type":"if","locations":[{"start":{"line":176,"column":6},"end":{"line":176,"column":6}},{"start":{"line":176,"column":6},"end":{"line":176,"column":6}}]},"20":{"line":186,"type":"if","locations":[{"start":{"line":186,"column":4},"end":{"line":186,"column":4}},{"start":{"line":186,"column":4},"end":{"line":186,"column":4}}]},"21":{"line":196,"type":"if","locations":[{"start":{"line":196,"column":6},"end":{"line":196,"column":6}},{"start":{"line":196,"column":6},"end":{"line":196,"column":6}}]},"22":{"line":196,"type":"binary-expr","locations":[{"start":{"line":196,"column":10},"end":{"line":196,"column":39}},{"start":{"line":196,"column":43},"end":{"line":196,"column":71}}]},"23":{"line":202,"type":"if","locations":[{"start":{"line":202,"column":8},"end":{"line":202,"column":8}},{"start":{"line":202,"column":8},"end":{"line":202,"column":8}}]},"24":{"line":205,"type":"if","locations":[{"start":{"line":205,"column":10},"end":{"line":205,"column":10}},{"start":{"line":205,"column":10},"end":{"line":205,"column":10}}]},"25":{"line":208,"type":"if","locations":[{"start":{"line":208,"column":10},"end":{"line":208,"column":10}},{"start":{"line":208,"column":10},"end":{"line":208,"column":10}}]},"26":{"line":213,"type":"if","locations":[{"start":{"line":213,"column":10},"end":{"line":213,"column":10}},{"start":{"line":213,"column":10},"end":{"line":213,"column":10}}]},"27":{"line":220,"type":"if","locations":[{"start":{"line":220,"column":6},"end":{"line":220,"column":6}},{"start":{"line":220,"column":6},"end":{"line":220,"column":6}}]},"28":{"line":220,"type":"binary-expr","locations":[{"start":{"line":220,"column":10},"end":{"line":220,"column":24}},{"start":{"line":220,"column":28},"end":{"line":220,"column":51}}]},"29":{"line":225,"type":"if","locations":[{"start":{"line":225,"column":6},"end":{"line":225,"column":6}},{"start":{"line":225,"column":6},"end":{"line":225,"column":6}}]},"30":{"line":225,"type":"binary-expr","locations":[{"start":{"line":225,"column":10},"end":{"line":225,"column":22}},{"start":{"line":225,"column":26},"end":{"line":225,"column":45}}]},"31":{"line":236,"type":"if","locations":[{"start":{"line":236,"column":6},"end":{"line":236,"column":6}},{"start":{"line":236,"column":6},"end":{"line":236,"column":6}}]},"32":{"line":237,"type":"if","locations":[{"start":{"line":237,"column":8},"end":{"line":237,"column":8}},{"start":{"line":237,"column":8},"end":{"line":237,"column":8}}]},"33":{"line":240,"type":"if","locations":[{"start":{"line":240,"column":8},"end":{"line":240,"column":8}},{"start":{"line":240,"column":8},"end":{"line":240,"column":8}}]},"34":{"line":262,"type":"if","locations":[{"start":{"line":262,"column":4},"end":{"line":262,"column":4}},{"start":{"line":262,"column":4},"end":{"line":262,"column":4}}]},"35":{"line":262,"type":"binary-expr","locations":[{"start":{"line":262,"column":8},"end":{"line":262,"column":18}},{"start":{"line":262,"column":22},"end":{"line":262,"column":42}},{"start":{"line":262,"column":46},"end":{"line":262,"column":68}},{"start":{"line":263,"column":11},"end":{"line":263,"column":30}},{"start":{"line":263,"column":34},"end":{"line":263,"column":56}},{"start":{"line":264,"column":11},"end":{"line":264,"column":21}},{"start":{"line":264,"column":25},"end":{"line":264,"column":33}},{"start":{"line":264,"column":37},"end":{"line":264,"column":43}}]},"36":{"line":268,"type":"if","locations":[{"start":{"line":268,"column":9},"end":{"line":268,"column":9}},{"start":{"line":268,"column":9},"end":{"line":268,"column":9}}]},"37":{"line":268,"type":"binary-expr","locations":[{"start":{"line":268,"column":13},"end":{"line":268,"column":23}},{"start":{"line":268,"column":27},"end":{"line":268,"column":47}},{"start":{"line":268,"column":51},"end":{"line":268,"column":73}},{"start":{"line":269,"column":16},"end":{"line":269,"column":25}},{"start":{"line":269,"column":29},"end":{"line":269,"column":48}},{"start":{"line":269,"column":52},"end":{"line":269,"column":73}},{"start":{"line":270,"column":16},"end":{"line":270,"column":35}},{"start":{"line":270,"column":39},"end":{"line":270,"column":61}},{"start":{"line":271,"column":16},"end":{"line":271,"column":34}},{"start":{"line":271,"column":38},"end":{"line":271,"column":59}},{"start":{"line":272,"column":16},"end":{"line":272,"column":23}}]},"38":{"line":309,"type":"if","locations":[{"start":{"line":309,"column":6},"end":{"line":309,"column":6}},{"start":{"line":309,"column":6},"end":{"line":309,"column":6}}]},"39":{"line":317,"type":"if","locations":[{"start":{"line":317,"column":8},"end":{"line":317,"column":8}},{"start":{"line":317,"column":8},"end":{"line":317,"column":8}}]},"40":{"line":318,"type":"if","locations":[{"start":{"line":318,"column":10},"end":{"line":318,"column":10}},{"start":{"line":318,"column":10},"end":{"line":318,"column":10}}]},"41":{"line":329,"type":"if","locations":[{"start":{"line":329,"column":6},"end":{"line":329,"column":6}},{"start":{"line":329,"column":6},"end":{"line":329,"column":6}}]},"42":{"line":343,"type":"if","locations":[{"start":{"line":343,"column":8},"end":{"line":343,"column":8}},{"start":{"line":343,"column":8},"end":{"line":343,"column":8}}]},"43":{"line":359,"type":"if","locations":[{"start":{"line":359,"column":6},"end":{"line":359,"column":6}},{"start":{"line":359,"column":6},"end":{"line":359,"column":6}}]},"44":{"line":362,"type":"if","locations":[{"start":{"line":362,"column":6},"end":{"line":362,"column":6}},{"start":{"line":362,"column":6},"end":{"line":362,"column":6}}]},"45":{"line":366,"type":"cond-expr","locations":[{"start":{"line":367,"column":10},"end":{"line":367,"column":36}},{"start":{"line":368,"column":10},"end":{"line":368,"column":14}}]},"46":{"line":383,"type":"if","locations":[{"start":{"line":383,"column":4},"end":{"line":383,"column":4}},{"start":{"line":383,"column":4},"end":{"line":383,"column":4}}]},"47":{"line":386,"type":"if","locations":[{"start":{"line":386,"column":4},"end":{"line":386,"column":4}},{"start":{"line":386,"column":4},"end":{"line":386,"column":4}}]},"48":{"line":389,"type":"if","locations":[{"start":{"line":389,"column":4},"end":{"line":389,"column":4}},{"start":{"line":389,"column":4},"end":{"line":389,"column":4}}]}},"code":["/* -*- Mode: js; js-indent-level: 2; -*- */","/*"," * Copyright 2011 Mozilla Foundation and contributors"," * Licensed under the New BSD license. See LICENSE or:"," * http://opensource.org/licenses/BSD-3-Clause"," */","","var base64VLQ = require('./base64-vlq');","var util = require('./util');","var ArraySet = require('./array-set').ArraySet;","var MappingList = require('./mapping-list').MappingList;","","/**"," * An instance of the SourceMapGenerator represents a source map which is"," * being built incrementally. You may pass an object with the following"," * properties:"," *"," *   - file: The filename of the generated source."," *   - sourceRoot: A root for all relative URLs in this source map."," */","function SourceMapGenerator(aArgs) {","  if (!aArgs) {","    aArgs = {};","  }","  this._file = util.getArg(aArgs, 'file', null);","  this._sourceRoot = util.getArg(aArgs, 'sourceRoot', null);","  this._skipValidation = util.getArg(aArgs, 'skipValidation', false);","  this._sources = new ArraySet();","  this._names = new ArraySet();","  this._mappings = new MappingList();","  this._sourcesContents = null;","}","","SourceMapGenerator.prototype._version = 3;","","/**"," * Creates a new SourceMapGenerator based on a SourceMapConsumer"," *"," * @param aSourceMapConsumer The SourceMap."," */","SourceMapGenerator.fromSourceMap =","  function SourceMapGenerator_fromSourceMap(aSourceMapConsumer) {","    var sourceRoot = aSourceMapConsumer.sourceRoot;","    var generator = new SourceMapGenerator({","      file: aSourceMapConsumer.file,","      sourceRoot: sourceRoot","    });","    aSourceMapConsumer.eachMapping(function (mapping) {","      var newMapping = {","        generated: {","          line: mapping.generatedLine,","          column: mapping.generatedColumn","        }","      };","","      if (mapping.source != null) {","        newMapping.source = mapping.source;","        if (sourceRoot != null) {","          newMapping.source = util.relative(sourceRoot, newMapping.source);","        }","","        newMapping.original = {","          line: mapping.originalLine,","          column: mapping.originalColumn","        };","","        if (mapping.name != null) {","          newMapping.name = mapping.name;","        }","      }","","      generator.addMapping(newMapping);","    });","    aSourceMapConsumer.sources.forEach(function (sourceFile) {","      var content = aSourceMapConsumer.sourceContentFor(sourceFile);","      if (content != null) {","        generator.setSourceContent(sourceFile, content);","      }","    });","    return generator;","  };","","/**"," * Add a single mapping from original source line and column to the generated"," * source's line and column for this source map being created. The mapping"," * object should have the following properties:"," *"," *   - generated: An object with the generated line and column positions."," *   - original: An object with the original line and column positions."," *   - source: The original source file (relative to the sourceRoot)."," *   - name: An optional original token name for this mapping."," */","SourceMapGenerator.prototype.addMapping =","  function SourceMapGenerator_addMapping(aArgs) {","    var generated = util.getArg(aArgs, 'generated');","    var original = util.getArg(aArgs, 'original', null);","    var source = util.getArg(aArgs, 'source', null);","    var name = util.getArg(aArgs, 'name', null);","","    if (!this._skipValidation) {","      this._validateMapping(generated, original, source, name);","    }","","    if (source != null) {","      source = String(source);","      if (!this._sources.has(source)) {","        this._sources.add(source);","      }","    }","","    if (name != null) {","      name = String(name);","      if (!this._names.has(name)) {","        this._names.add(name);","      }","    }","","    this._mappings.add({","      generatedLine: generated.line,","      generatedColumn: generated.column,","      originalLine: original != null && original.line,","      originalColumn: original != null && original.column,","      source: source,","      name: name","    });","  };","","/**"," * Set the source content for a source file."," */","SourceMapGenerator.prototype.setSourceContent =","  function SourceMapGenerator_setSourceContent(aSourceFile, aSourceContent) {","    var source = aSourceFile;","    if (this._sourceRoot != null) {","      source = util.relative(this._sourceRoot, source);","    }","","    if (aSourceContent != null) {","      // Add the source content to the _sourcesContents map.","      // Create a new _sourcesContents map if the property is null.","      if (!this._sourcesContents) {","        this._sourcesContents = Object.create(null);","      }","      this._sourcesContents[util.toSetString(source)] = aSourceContent;","    } else if 
[...]
ne":145,"type":"if","locations":[{"start":{"line":145,"column":6},"end":{"line":145,"column":6}},{"start":{"line":145,"column":6},"end":{"line":145,"column":6}}]},"15":{"line":145,"type":"binary-expr","locations":[{"start":{"line":145,"column":10},"end":{"line":145,"column":26}},{"start":{"line":145,"column":30},"end":{"line":145,"column":58}}]},"16":{"line":148,"type":"cond-expr","locations":[{"start":{"line":149,"column":12},"end":{"line":149,"column":52}},{"start":{"line":150,"column":12},"end":{"line":150,"column":26}}]},"17":{"line":167,"type":"if","locations":[{"start":{"line":167,"column":2},"end":{"line":167,"column":2}},{"start":{"line":167,"column":2},"end":{"line":167,"column":2}}]},"18":{"line":172,"type":"if","locations":[{"start":{"line":172,"column":7},"end":{"line":172,"column":7}},{"start":{"line":172,"column":7},"end":{"line":172,"column":7}}]},"19":{"line":172,"type":"binary-expr","locations":[{"start":{"line":172,"column":11},"end":{"line":172,"column":31}},{"start":{"line":172,"column":35},"end":{"line":172,"column":61}}]},"20":{"line":173,"type":"if","locations":[{"start":{"line":173,"column":4},"end":{"line":173,"column":4}},{"start":{"line":173,"column":4},"end":{"line":173,"column":4}}]},"21":{"line":192,"type":"if","locations":[{"start":{"line":192,"column":2},"end":{"line":192,"column":2}},{"start":{"line":192,"column":2},"end":{"line":192,"column":2}}]},"22":{"line":197,"type":"if","locations":[{"start":{"line":197,"column":7},"end":{"line":197,"column":7}},{"start":{"line":197,"column":7},"end":{"line":197,"column":7}}]},"23":{"line":197,"type":"binary-expr","locations":[{"start":{"line":197,"column":11},"end":{"line":197,"column":31}},{"start":{"line":197,"column":35},"end":{"line":197,"column":61}}]},"24":{"line":219,"type":"if","locations":[{"start":{"line":219,"column":4},"end":{"line":219,"column":4}},{"start":{"line":219,"column":4},"end":{"line":219,"column":4}}]},"25":{"line":223,"type":"if","locations":[{"start":{"line":223,"column":6},"end":{"line":223,"column":6}},{"start":{"line":223,"column":6},"end":{"line":223,"column":6}}]},"26":{"line":243,"type":"if","locations":[{"start":{"line":243,"column":2},"end":{"line":243,"column":2}},{"start":{"line":243,"column":2},"end":{"line":243,"column":2}}]},"27":{"line":264,"type":"if","locations":[{"start":{"line":264,"column":2},"end":{"line":264,"column":2}},{"start":{"line":264,"column":2},"end":{"line":264,"column":2}}]},"28":{"line":267,"type":"if","locations":[{"start":{"line":267,"column":7},"end":{"line":267,"column":7}},{"start":{"line":267,"column":7},"end":{"line":267,"column":7}}]},"29":{"line":297,"type":"if","locations":[{"start":{"line":297,"column":6},"end":{"line":297,"column":6}},{"start":{"line":297,"column":6},"end":{"line":297,"column":6}}]},"30":{"line":338,"type":"if","locations":[{"start":{"line":338,"column":4},"end":{"line":338,"column":4}},{"start":{"line":338,"column":4},"end":{"line":338,"column":4}}]},"31":{"line":338,"type":"binary-expr","locations":[{"start":{"line":338,"column":8},"end":{"line":338,"column":32}},{"start":{"line":339,"column":11},"end":{"line":339,"column":33}},{"start":{"line":340,"column":11},"end":{"line":340,"column":35}}]},"32":{"line":341,"type":"if","locations":[{"start":{"line":341,"column":6},"end":{"line":341,"column":6}},{"start":{"line":341,"column":6},"end":{"line":341,"column":6}}]},"33":{"line":341,"type":"binary-expr","locations":[{"start":{"line":341,"column":9},"end":{"line":341,"column":47}},{"start":{"line":342,"column":12},"end":{"line":342,"column":46}},{"start":{"line":343,"column":12},"end":{"line":343,"column":50}},{"start":{"line":344,"column":12},"end":{"line":344,"column":46}}]},"34":{"line":363,"type":"if","locations":[{"start":{"line":363,"column":11},"end":{"line":363,"column":11}},{"start":{"line":363,"column":11},"end":{"line":363,"column":11}}]},"35":{"line":374,"type":"if","locations":[{"start":{"line":374,"column":6},"end":{"line":374,"column":6}},{"start":{"line":374,"column":6},"end":{"line":374,"column":6}}]},"36":{"line":378,"type":"if","locations":[{"start":{"line":378,"column":8},"end":{"line":378,"column":8}},{"start":{"line":378,"column":8},"end":{"line":378,"column":8}}]},"37":{"line":381,"type":"if","locations":[{"start":{"line":381,"column":15},"end":{"line":381,"column":15}},{"start":{"line":381,"column":15},"end":{"line":381,"column":15}}]}},"code":["/* -*- Mode: js; js-indent-level: 2; -*- */","/*"," * Copyright 2011 Mozilla Foundation and contributors"," * Licensed under the New BSD license. See LICENSE or:"," * http://opensource.org/licenses/BSD-3-Clause"," */","","var SourceMapGenerator = require('./source-map-generator').SourceMapGenerator;","var util = require('./util');","","// Matches a Windows-style `\\r\\n` newline or a `\\n` newline used by all other","// operating systems these days (capturing the result).","var REGEX_NEWLINE = /(\\r?\\n)/;","","// Newline character code for charCodeAt() comparisons","var NEWLINE_CODE = 10;","","// Private symbol for identifying `SourceNode`s when multiple versions of","// the source-map library are loaded. This MUST NOT CHANGE across","// versions!","var isSourceNode = \"$$$isSourceNode$$$\";","","/**"," * SourceNodes provide a way to abstract over interpolating/concatenating"," * snippets of generated JavaScript source code while maintaining the line and"," * column information associated with the original source code."," *"," * @param aLine The original line number."," * @param aColumn The original column number."," * @param aSource The original source's filename."," * @param aChunks Optional. An array of strings which are snippets of"," *        generated JS, or other SourceNodes."," * @param aName The original identifier."," */","function SourceNode(aLine, aColumn, aSource, aChunks, aName) {","  this.children = [];","  this.sourceContents = {};","  this.line = aLine == null ? null : aLine;","  this.column = aColumn == null ? null : aColumn;","  this.source = aSource == null ? null : aSource;","  this.name = aName == null ? null : aName;","  this[isSourceNode] = true;","  if (aChunks != null) this.add(aChunks);","}","","/**"," * Creates a SourceNode from generated code and a SourceMapConsumer."," *"," * @param aGeneratedCode The generated code"," * @param aSourceMapConsumer The SourceMap for the generated code"," * @param aRelativePath Optional. The path that relative sources in the"," *        SourceMapConsumer should be relative to."," */","SourceNode.fromStringWithSourceMap =","  function SourceNode_fromStringWithSourceMap(aGeneratedCode, aSourceMapConsumer, aRelativePath) {","    // The SourceNode we want to fill with the generated code","    // and the SourceMap","    var node = new SourceNode();","","    // All even indices of this array are one line of the generated code,","    // while all odd indices are the newlines between two adjacent lines","    // (since `REGEX_NEWLINE` captures its match).","    // Processed fragments are removed from this array, by calling `shiftNextLine`.","    var remainingLines = aGeneratedCode.split(REGEX_NEWLINE);","    var shiftNextLine = function() {","      var lineContents = remainingLines.shift();","      // The last line of a file might not have a newline.","      var newLine = remainingLines.shift() || \"\";","      return lineContents + newLine;","    };","","    // We need to remember the position of \"remainingLines\"","    var lastGeneratedLine = 1, lastGeneratedColumn = 0;","","    // The generate SourceNodes we need a code range.","    // To extract it current and last mapping is used.","    // Here we store the last mapping.","    var lastMapping = null;","","    aSourceMapConsumer.eachMapping(function (mapping) {","      if (lastMapping !== null) {","        // We add the code from \"lastMapping\" to \"mapping\":","        // First check if there is a new line in between.","        if (lastGeneratedLine < mapping.generatedLine) {","          // Associate first line with \"lastMapping\"","          addMappingWithCode(lastMapping, shiftNextLine());","          lastGeneratedLine++;","          lastGeneratedColumn = 0;","          // The remaining code is added without mapping","        } else {","          // There is no new line in between.","          // Associate the code between \"lastGeneratedColumn\" and","          // \"mapping.generatedColumn\" with \"lastMapping\"","          var nextLine = remainingLines[0];","          var code = nextLine.substr(0, mapping.generatedColumn -","                                        lastGeneratedColumn);","          remainingLines[0] = nextLine.substr(mapping.generatedColumn -","                                              lastGeneratedColumn);","          lastGeneratedColumn = mapping.generatedColumn;","          addMappingWithCode(lastMapping, code);","          // No more remaining code, continue","          lastMapping = mapping;","          return;","        }","      }","      // We add the generated code until the first mapping","      // to the SourceNode without any mapping.","      // Each line is added as separate string.","      while (lastGeneratedLine < mapping.generatedLine) {","        node.add(shiftNextLine());","        lastGeneratedLine++;","      }","      if (lastGeneratedColumn < mapping.generatedColumn) {","        var nextLine = remainingLines[0];","        node.add(nextLine.substr(0, mapping.generatedColumn));","        remainingLines[0] = nextLine.substr(mapping.generatedColumn);","        lastGeneratedColumn = mapping.generatedColumn;","      }","      lastMapping = mapping;","    }, this);","    // We have processed all mappings.","    if (remainingLines.length > 0) {","      if (lastMapping) {","        // Associate the remaining code in the current line with \"lastMapping\"","        addMappingWithCode(lastMapping, shiftNextLine());","      }","      // and add the remaining lines without any mapping","      node.add(remainingLines.join(\"\"));","    }","","    // Copy sourcesContent into SourceNode","    aSourceMapConsumer.sources.forEach(function (sourceFile) {","      var content = aSourceMapConsumer.sourceContentFor(sourceFile);","      if (content != null) {","        if (aRelativePath != null) {","          sourceFile = util.join(aRelativePath, sourceFile);","        }","        node.setSourceContent(sourceFile, content);","      }","    });","","    return node;","","    function addMappingWithCode(mapping, code) {","      if (mapping === null || mapping.source === undefined) {","        node.add(code);","      } else {","        var source = aRelativePath","          ? util.join(aRelativePath, mapping.source)","          : mapping.source;","        node.add(new SourceNode(mapping.originalLine,","                                mapping.originalColumn,","                                source,","                                code,","                                mapping.name));","      }","    }","  };","","/**"," * Add a chunk of generated JS to this source node."," *"," * @param aChunk A string snippet of generated JS code, another instance of"," *        SourceNode, or an array where each member is one of those things."," */","SourceNode.prototype.add = function SourceNode_add(aChunk) {","  if (Array.isArray(aChunk)) {","    aChunk.forEach(function (chunk) {","      this.add(chunk);","    }, this);","  }","  else if (aChunk[isSourceNode] || typeof aChunk === \"string\") {","    if (aChunk) {","      this.children.push(aChunk);","    }","  }","  else {","    throw new TypeError(","      \"Expected a SourceNode, string, or an array of SourceNodes and strings. Got \" + aChunk","    );","  }","  return this;","};","","/**"," * Add a chunk of generated JS to the beginning of this source node."," *"," * @param aChunk A string snippet of generated JS code, another instance of"," *        SourceNode, or an array where each member is one of those things."," */","SourceNode.prototype.prepend = function SourceNode_prepend(aChunk) {","  if (Array.isArray(aChunk)) {","    for (var i = aChunk.length-1; i >= 0; i--) {","      this.prepend(aChunk[i]);","    }","  }","  else if (aChunk[isSourceNode] || typeof aChunk === \"string\") {","    this.children.unshift(aChunk);","  }","  else {","    throw new TypeError(","      \"Expected a SourceNode, string, or an array of SourceNodes and strings. Got \" + aChunk","    );","  }","  return this;","};","","/**"," * Walk over the tree of JS snippets in this node and its children. The"," * walking function is called once for each snippet of JS and is passed that"," * snippet and the its original associated source's line/column location."," *"," * @param aFn The traversal function."," */","SourceNode.prototype.walk = function SourceNode_walk(aFn) {","  var chunk;","  for (var i = 0, len = this.children.length; i < len; i++) {","    chunk = this.children[i];","    if (chunk[isSourceNode]) {","      chunk.walk(aFn);","    }","    else {","      if (chunk !== '') {","        aFn(chunk, { source: this.source,","                     line: this.line,","                     column: this.column,","                     name: this.name });","      }","    }","  }","};","","/**"," * Like `String.prototype.join` except for SourceNodes. Inserts `aStr` between"," * each of `this.children`."," *"," * @param aSep The separator."," */","SourceNode.prototype.join = function SourceNode_join(aSep) {","  var newChildren;","  var i;","  var len = this.children.length;","  if (len > 0) {","    newChildren = [];","    for (i = 0; i < len-1; i++) {","      newChildren.push(this.children[i]);","      newChildren.push(aSep);","    }","    newChildren.push(this.children[i]);","    this.children = newChildren;","  }","  return this;","};","","/**"," * Call String.prototype.replace on the very right-most source snippet. Useful"," * for trimming whitespace from the end of a source node, etc."," *"," * @param aPattern The pattern to replace."," * @param aReplacement The thing to replace the pattern with."," */","SourceNode.prototype.replaceRight = function SourceNode_replaceRight(aPattern, aReplacement) {","  var lastChild = this.children[this.children.length - 1];","  if (lastChild[isSourceNode]) {","    lastChild.replaceRight(aPattern, aReplacement);","  }","  else if (typeof lastChild === 'string') {","    this.children[this.children.length - 1] = lastChild.replace(aPattern, aReplacement);","  }","  else {","    this.children.push(''.replace(aPattern, aReplacement));","  }","  return this;","};","","/**"," * Set the source content for a source file. This will be added to the SourceMapGenerator"," * in the sourcesContent field."," *"," * @param aSourceFile The filename of the source file"," * @param aSourceContent The content of the source file"," */","SourceNode.prototype.setSourceContent =","  function SourceNode_setSourceContent(aSourceFile, aSourceContent) {","    this.sourceContents[util.toSetString(aSourceFile)] = aSourceContent;","  };","","/**"," * Walk over the tree of SourceNodes. The walking function is called for each"," * source file content and is passed the filename and source content."," *"," * @param aFn The traversal function."," */","SourceNode.prototype.walkSourceContents =","  function SourceNode_walkSourceContents(aFn) {","    for (var i = 0, len = this.children.length; i < len; i++) {","      if (this.children[i][isSourceNode]) {","        this.children[i].walkSourceContents(aFn);","      }","    }","","    var sources = Object.keys(this.sourceContents);","    for (var i = 0, len = sources.length; i < len; i++) {","      aFn(util.fromSetString(sources[i]), this.sourceContents[sources[i]]);","    }","  };","","/**"," * Return the string representation of this source node. Walks over the tree"," * and concatenates all the various snippets together to one string."," */","SourceNode.prototype.toString = function SourceNode_toString() {","  var str = \"\";","  this.walk(function (chunk) {","    str += chunk;","  });","  return str;","};","","/**"," * Returns the string representation of this source node along with a source"," * map."," */","SourceNode.prototype.toStringWithSourceMap = function SourceNode_toStringWithSourceMap(aArgs) {","  var generated = {","    code: \"\",","    line: 1,","    column: 0","  };","  var map = new SourceMapGenerator(aArgs);","  var sourceMappingActive = false;","  var lastOriginalSource = null;","  var lastOriginalLine = null;","  var lastOriginalColumn = null;","  var lastOriginalName = null;","  this.walk(function (chunk, original) {","    generated.code += chunk;","    if (original.source !== null","        && original.line !== null","        && original.column !== null) {","      if(lastOriginalSource !== original.source","         || lastOriginalLine !== original.line","         || lastOriginalColumn !== original.column","         || lastOriginalName !== original.name) {","        map.addMapping({","          source: original.source,","          original: {","            line: original.line,","            column: original.column","          },","          generated: {","            line: generated.line,","            column: generated.column","          },","          name: original.name","        });","      }","      lastOriginalSource = original.source;","      lastOriginalLine = original.line;","      lastOriginalColumn = original.column;","      lastOriginalName = original.name;","      sourceMappingActive = true;","    } else if (sourceMappingActive) {","      map.addMapping({","        generated: {","          line: generated.line,","          column: generated.column","        }","      });","      lastOriginalSource = null;","      sourceMappingActive = false;","    }","    for (var idx = 0, length = chunk.length; idx < length; idx++) {","      if (chunk.charCodeAt(idx) === NEWLINE_CODE) {","        generated.line++;","        generated.column = 0;","        // Mappings end at eol","        if (idx + 1 === length) {","          lastOriginalSource = null;","          sourceMappingActive = false;","        } else if (sourceMappingActive) {","          map.addMapping({","            source: original.source,","            original: {","              line: original.line,","              column: original.column","            },","            generated: {","              line: generated.line,","              column: generated.column","            },","            name: original.name","          });","        }","      } else {","        generated.column++;","      }","    }","  });","  this.walkSourceContents(function (sourceFile, sourceContent) {","    map.setSourceContent(sourceFile, sourceContent);","  });","","  return { code: generated.code, map: map };","};","","exports.SourceNode = SourceNode;",""],"l":{"8":1,"9":1,"13":1,"16":1,"21":1,"35":1,"36":0,"37":0,"38":0,"39":0,"40":0,"41":0,"42":0,"43":0,"54":1,"58":0,"64":0,"65":0,"66":0,"68":0,"69":0,"73":0,"78":0,"80":0,"81":0,"84":0,"86":0,"87":0,"88":0,"94":0,"95":0,"97":0,"99":0,"100":0,"102":0,"103":0,"109":0,"110":0,"111":0,"113":0,"114":0,"115":0,"116":0,"117":0,"119":0,"122":0,"123":0,"125":0,"128":0,"132":0,"133":0,"134":0,"135":0,"136":0,"138":0,"142":0,"144":1,"145":0,"146":0,"148":0,"151":0,"166":1,"167":0,"168":0,"169":0,"172":0,"173":0,"174":0,"178":0,"182":0,"191":1,"192":0,"193":0,"194":0,"197":0,"198":0,"201":0,"205":0,"215":1,"216":0,"217":0,"218":0,"219":0,"220":0,"223":0,"224":0,"239":1,"240":0,"241":0,"242":0,"243":0,"244":0,"245":0,"246":0,"247":0,"249":0,"250":0,"252":0,"262":1,"263":0,"264":0,"265":0,"267":0,"268":0,"271":0,"273":0,"283":1,"285":0,"294":1,"296":0,"297":0,"298":0,"302":0,"303":0,"304":0,"312":1,"313":0,"314":0,"315":0,"317":0,"324":1,"325":0,"330":0,"331":0,"332":0,"333":0,"334":0,"335":0,"336":0,"337":0,"338":0,"341":0,"345":0,"358":0,"359":0,"360":0,"361":0,"362":0,"363":0,"364":0,"370":0,"371":0,"373":0,"374":0,"375":0,"376":0,"378":0,"379":0,"380":0,"381":0,"382":0,"396":0,"400":0,"401":0,"404":0,"407":1}}}